<?xml version="1.0" encoding="UTF-8"?>
<testsuite name="org.bedu.java.backend.sesion3.CalculadoraTest" tests="1000" skipped="0" failures="0" errors="0" timestamp="2023-03-09T00:30:23" hostname="P211400PF2M85NA" time="0.903">
  <properties/>
  <testcase name="Test Multiplica0" classname="org.bedu.java.backend.sesion3.CalculadoraTest" time="0.008"/>
  <testcase name="Test Multiplica1" classname="org.bedu.java.backend.sesion3.CalculadoraTest" time="0.001"/>
  <testcase name="Test Multiplica2" classname="org.bedu.java.backend.sesion3.CalculadoraTest" time="0.001"/>
  <testcase name="Test Multiplica3" classname="org.bedu.java.backend.sesion3.CalculadoraTest" time="0.0"/>
  <testcase name="Test Multiplica4" classname="org.bedu.java.backend.sesion3.CalculadoraTest" time="0.0"/>
  <testcase name="Test Multiplica5" classname="org.bedu.java.backend.sesion3.CalculadoraTest" time="0.0"/>
  <testcase name="Test Multiplica6" classname="org.bedu.java.backend.sesion3.CalculadoraTest" time="0.0"/>
  <testcase name="Test Multiplica7" classname="org.bedu.java.backend.sesion3.CalculadoraTest" time="0.0"/>
  <testcase name="Test Multiplica8" classname="org.bedu.java.backend.sesion3.CalculadoraTest" time="0.001"/>
  <testcase name="Test Multiplica9" classname="org.bedu.java.backend.sesion3.CalculadoraTest" time="0.0"/>
  <testcase name="Test Multiplica10" classname="org.bedu.java.backend.sesion3.CalculadoraTest" time="0.0"/>
  <testcase name="Test Multiplica11" classname="org.bedu.java.backend.sesion3.CalculadoraTest" time="0.001"/>
  <testcase name="Test Multiplica12" classname="org.bedu.java.backend.sesion3.CalculadoraTest" time="0.0"/>
  <testcase name="Test Multiplica13" classname="org.bedu.java.backend.sesion3.CalculadoraTest" time="0.001"/>
  <testcase name="Test Multiplica14" classname="org.bedu.java.backend.sesion3.CalculadoraTest" time="0.001"/>
  <testcase name="Test Multiplica15" classname="org.bedu.java.backend.sesion3.CalculadoraTest" time="0.001"/>
  <testcase name="Test Multiplica16" classname="org.bedu.java.backend.sesion3.CalculadoraTest" time="0.001"/>
  <testcase name="Test Multiplica17" classname="org.bedu.java.backend.sesion3.CalculadoraTest" time="0.001"/>
  <testcase name="Test Multiplica18" classname="org.bedu.java.backend.sesion3.CalculadoraTest" time="0.0"/>
  <testcase name="Test Multiplica19" classname="org.bedu.java.backend.sesion3.CalculadoraTest" time="0.001"/>
  <testcase name="Test Multiplica20" classname="org.bedu.java.backend.sesion3.CalculadoraTest" time="0.001"/>
  <testcase name="Test Multiplica21" classname="org.bedu.java.backend.sesion3.CalculadoraTest" time="0.0"/>
  <testcase name="Test Multiplica22" classname="org.bedu.java.backend.sesion3.CalculadoraTest" time="0.0"/>
  <testcase name="Test Multiplica23" classname="org.bedu.java.backend.sesion3.CalculadoraTest" time="0.0"/>
  <testcase name="Test Multiplica24" classname="org.bedu.java.backend.sesion3.CalculadoraTest" time="0.001"/>
  <testcase name="Test Multiplica25" classname="org.bedu.java.backend.sesion3.CalculadoraTest" time="0.0"/>
  <testcase name="Test Multiplica26" classname="org.bedu.java.backend.sesion3.CalculadoraTest" time="0.0"/>
  <testcase name="Test Multiplica27" classname="org.bedu.java.backend.sesion3.CalculadoraTest" time="0.0"/>
  <testcase name="Test Multiplica28" classname="org.bedu.java.backend.sesion3.CalculadoraTest" time="0.001"/>
  <testcase name="Test Multiplica29" classname="org.bedu.java.backend.sesion3.CalculadoraTest" time="0.0"/>
  <testcase name="Test Multiplica30" classname="org.bedu.java.backend.sesion3.CalculadoraTest" time="0.0"/>
  <testcase name="Test Multiplica31" classname="org.bedu.java.backend.sesion3.CalculadoraTest" time="0.0"/>
  <testcase name="Test Multiplica32" classname="org.bedu.java.backend.sesion3.CalculadoraTest" time="0.0"/>
  <testcase name="Test Multiplica33" classname="org.bedu.java.backend.sesion3.CalculadoraTest" time="0.001"/>
  <testcase name="Test Multiplica34" classname="org.bedu.java.backend.sesion3.CalculadoraTest" time="0.0"/>
  <testcase name="Test Multiplica35" classname="org.bedu.java.backend.sesion3.CalculadoraTest" time="0.0"/>
  <testcase name="Test Multiplica36" classname="org.bedu.java.backend.sesion3.CalculadoraTest" time="0.001"/>
  <testcase name="Test Multiplica37" classname="org.bedu.java.backend.sesion3.CalculadoraTest" time="0.0"/>
  <testcase name="Test Multiplica38" classname="org.bedu.java.backend.sesion3.CalculadoraTest" time="0.001"/>
  <testcase name="Test Multiplica39" classname="org.bedu.java.backend.sesion3.CalculadoraTest" time="0.0"/>
  <testcase name="Test Multiplica40" classname="org.bedu.java.backend.sesion3.CalculadoraTest" time="0.001"/>
  <testcase name="Test Multiplica41" classname="org.bedu.java.backend.sesion3.CalculadoraTest" time="0.0"/>
  <testcase name="Test Multiplica42" classname="org.bedu.java.backend.sesion3.CalculadoraTest" time="0.0"/>
  <testcase name="Test Multiplica43" classname="org.bedu.java.backend.sesion3.CalculadoraTest" time="0.001"/>
  <testcase name="Test Multiplica44" classname="org.bedu.java.backend.sesion3.CalculadoraTest" time="0.0"/>
  <testcase name="Test Multiplica45" classname="org.bedu.java.backend.sesion3.CalculadoraTest" time="0.0"/>
  <testcase name="Test Multiplica46" classname="org.bedu.java.backend.sesion3.CalculadoraTest" time="0.001"/>
  <testcase name="Test Multiplica47" classname="org.bedu.java.backend.sesion3.CalculadoraTest" time="0.0"/>
  <testcase name="Test Multiplica48" classname="org.bedu.java.backend.sesion3.CalculadoraTest" time="0.0"/>
  <testcase name="Test Multiplica49" classname="org.bedu.java.backend.sesion3.CalculadoraTest" time="0.0"/>
  <testcase name="Test Multiplica50" classname="org.bedu.java.backend.sesion3.CalculadoraTest" time="0.0"/>
  <testcase name="Test Multiplica51" classname="org.bedu.java.backend.sesion3.CalculadoraTest" time="0.0"/>
  <testcase name="Test Multiplica52" classname="org.bedu.java.backend.sesion3.CalculadoraTest" time="0.001"/>
  <testcase name="Test Multiplica53" classname="org.bedu.java.backend.sesion3.CalculadoraTest" time="0.0"/>
  <testcase name="Test Multiplica54" classname="org.bedu.java.backend.sesion3.CalculadoraTest" time="0.0"/>
  <testcase name="Test Multiplica55" classname="org.bedu.java.backend.sesion3.CalculadoraTest" time="0.0"/>
  <testcase name="Test Multiplica56" classname="org.bedu.java.backend.sesion3.CalculadoraTest" time="0.001"/>
  <testcase name="Test Multiplica57" classname="org.bedu.java.backend.sesion3.CalculadoraTest" time="0.0"/>
  <testcase name="Test Multiplica58" classname="org.bedu.java.backend.sesion3.CalculadoraTest" time="0.0"/>
  <testcase name="Test Multiplica59" classname="org.bedu.java.backend.sesion3.CalculadoraTest" time="0.001"/>
  <testcase name="Test Multiplica60" classname="org.bedu.java.backend.sesion3.CalculadoraTest" time="0.0"/>
  <testcase name="Test Multiplica61" classname="org.bedu.java.backend.sesion3.CalculadoraTest" time="0.0"/>
  <testcase name="Test Multiplica62" classname="org.bedu.java.backend.sesion3.CalculadoraTest" time="0.001"/>
  <testcase name="Test Multiplica63" classname="org.bedu.java.backend.sesion3.CalculadoraTest" time="0.001"/>
  <testcase name="Test Multiplica64" classname="org.bedu.java.backend.sesion3.CalculadoraTest" time="0.001"/>
  <testcase name="Test Multiplica65" classname="org.bedu.java.backend.sesion3.CalculadoraTest" time="0.0"/>
  <testcase name="Test Multiplica66" classname="org.bedu.java.backend.sesion3.CalculadoraTest" time="0.0"/>
  <testcase name="Test Multiplica67" classname="org.bedu.java.backend.sesion3.CalculadoraTest" time="0.0"/>
  <testcase name="Test Multiplica68" classname="org.bedu.java.backend.sesion3.CalculadoraTest" time="0.001"/>
  <testcase name="Test Multiplica69" classname="org.bedu.java.backend.sesion3.CalculadoraTest" time="0.001"/>
  <testcase name="Test Multiplica70" classname="org.bedu.java.backend.sesion3.CalculadoraTest" time="0.0"/>
  <testcase name="Test Multiplica71" classname="org.bedu.java.backend.sesion3.CalculadoraTest" time="0.0"/>
  <testcase name="Test Multiplica72" classname="org.bedu.java.backend.sesion3.CalculadoraTest" time="0.0"/>
  <testcase name="Test Multiplica73" classname="org.bedu.java.backend.sesion3.CalculadoraTest" time="0.0"/>
  <testcase name="Test Multiplica74" classname="org.bedu.java.backend.sesion3.CalculadoraTest" time="0.0"/>
  <testcase name="Test Multiplica75" classname="org.bedu.java.backend.sesion3.CalculadoraTest" time="0.0"/>
  <testcase name="Test Multiplica76" classname="org.bedu.java.backend.sesion3.CalculadoraTest" time="0.0"/>
  <testcase name="Test Multiplica77" classname="org.bedu.java.backend.sesion3.CalculadoraTest" time="0.0"/>
  <testcase name="Test Multiplica78" classname="org.bedu.java.backend.sesion3.CalculadoraTest" time="0.0"/>
  <testcase name="Test Multiplica79" classname="org.bedu.java.backend.sesion3.CalculadoraTest" time="0.0"/>
  <testcase name="Test Multiplica80" classname="org.bedu.java.backend.sesion3.CalculadoraTest" time="0.0"/>
  <testcase name="Test Multiplica81" classname="org.bedu.java.backend.sesion3.CalculadoraTest" time="0.0"/>
  <testcase name="Test Multiplica82" classname="org.bedu.java.backend.sesion3.CalculadoraTest" time="0.0"/>
  <testcase name="Test Multiplica83" classname="org.bedu.java.backend.sesion3.CalculadoraTest" time="0.001"/>
  <testcase name="Test Multiplica84" classname="org.bedu.java.backend.sesion3.CalculadoraTest" time="0.0"/>
  <testcase name="Test Multiplica85" classname="org.bedu.java.backend.sesion3.CalculadoraTest" time="0.0"/>
  <testcase name="Test Multiplica86" classname="org.bedu.java.backend.sesion3.CalculadoraTest" time="0.001"/>
  <testcase name="Test Multiplica87" classname="org.bedu.java.backend.sesion3.CalculadoraTest" time="0.0"/>
  <testcase name="Test Multiplica88" classname="org.bedu.java.backend.sesion3.CalculadoraTest" time="0.0"/>
  <testcase name="Test Multiplica89" classname="org.bedu.java.backend.sesion3.CalculadoraTest" time="0.0"/>
  <testcase name="Test Multiplica90" classname="org.bedu.java.backend.sesion3.CalculadoraTest" time="0.0"/>
  <testcase name="Test Multiplica91" classname="org.bedu.java.backend.sesion3.CalculadoraTest" time="0.0"/>
  <testcase name="Test Multiplica92" classname="org.bedu.java.backend.sesion3.CalculadoraTest" time="0.0"/>
  <testcase name="Test Multiplica93" classname="org.bedu.java.backend.sesion3.CalculadoraTest" time="0.0"/>
  <testcase name="Test Multiplica94" classname="org.bedu.java.backend.sesion3.CalculadoraTest" time="0.001"/>
  <testcase name="Test Multiplica95" classname="org.bedu.java.backend.sesion3.CalculadoraTest" time="0.0"/>
  <testcase name="Test Multiplica96" classname="org.bedu.java.backend.sesion3.CalculadoraTest" time="0.0"/>
  <testcase name="Test Multiplica97" classname="org.bedu.java.backend.sesion3.CalculadoraTest" time="0.0"/>
  <testcase name="Test Multiplica98" classname="org.bedu.java.backend.sesion3.CalculadoraTest" time="0.0"/>
  <testcase name="Test Multiplica99" classname="org.bedu.java.backend.sesion3.CalculadoraTest" time="0.0"/>
  <testcase name="Test Multiplica100" classname="org.bedu.java.backend.sesion3.CalculadoraTest" time="0.0"/>
  <testcase name="Test Multiplica101" classname="org.bedu.java.backend.sesion3.CalculadoraTest" time="0.0"/>
  <testcase name="Test Multiplica102" classname="org.bedu.java.backend.sesion3.CalculadoraTest" time="0.0"/>
  <testcase name="Test Multiplica103" classname="org.bedu.java.backend.sesion3.CalculadoraTest" time="0.001"/>
  <testcase name="Test Multiplica104" classname="org.bedu.java.backend.sesion3.CalculadoraTest" time="0.0"/>
  <testcase name="Test Multiplica105" classname="org.bedu.java.backend.sesion3.CalculadoraTest" time="0.0"/>
  <testcase name="Test Multiplica106" classname="org.bedu.java.backend.sesion3.CalculadoraTest" time="0.0"/>
  <testcase name="Test Multiplica107" classname="org.bedu.java.backend.sesion3.CalculadoraTest" time="0.0"/>
  <testcase name="Test Multiplica108" classname="org.bedu.java.backend.sesion3.CalculadoraTest" time="0.0"/>
  <testcase name="Test Multiplica109" classname="org.bedu.java.backend.sesion3.CalculadoraTest" time="0.001"/>
  <testcase name="Test Multiplica110" classname="org.bedu.java.backend.sesion3.CalculadoraTest" time="0.0"/>
  <testcase name="Test Multiplica111" classname="org.bedu.java.backend.sesion3.CalculadoraTest" time="0.0"/>
  <testcase name="Test Multiplica112" classname="org.bedu.java.backend.sesion3.CalculadoraTest" time="0.001"/>
  <testcase name="Test Multiplica113" classname="org.bedu.java.backend.sesion3.CalculadoraTest" time="0.0"/>
  <testcase name="Test Multiplica114" classname="org.bedu.java.backend.sesion3.CalculadoraTest" time="0.001"/>
  <testcase name="Test Multiplica115" classname="org.bedu.java.backend.sesion3.CalculadoraTest" time="0.0"/>
  <testcase name="Test Multiplica116" classname="org.bedu.java.backend.sesion3.CalculadoraTest" time="0.0"/>
  <testcase name="Test Multiplica117" classname="org.bedu.java.backend.sesion3.CalculadoraTest" time="0.0"/>
  <testcase name="Test Multiplica118" classname="org.bedu.java.backend.sesion3.CalculadoraTest" time="0.0"/>
  <testcase name="Test Multiplica119" classname="org.bedu.java.backend.sesion3.CalculadoraTest" time="0.0"/>
  <testcase name="Test Multiplica120" classname="org.bedu.java.backend.sesion3.CalculadoraTest" time="0.0"/>
  <testcase name="Test Multiplica121" classname="org.bedu.java.backend.sesion3.CalculadoraTest" time="0.0"/>
  <testcase name="Test Multiplica122" classname="org.bedu.java.backend.sesion3.CalculadoraTest" time="0.0"/>
  <testcase name="Test Multiplica123" classname="org.bedu.java.backend.sesion3.CalculadoraTest" time="0.0"/>
  <testcase name="Test Multiplica124" classname="org.bedu.java.backend.sesion3.CalculadoraTest" time="0.0"/>
  <testcase name="Test Multiplica125" classname="org.bedu.java.backend.sesion3.CalculadoraTest" time="0.0"/>
  <testcase name="Test Multiplica126" classname="org.bedu.java.backend.sesion3.CalculadoraTest" time="0.0"/>
  <testcase name="Test Multiplica127" classname="org.bedu.java.backend.sesion3.CalculadoraTest" time="0.0"/>
  <testcase name="Test Multiplica128" classname="org.bedu.java.backend.sesion3.CalculadoraTest" time="0.0"/>
  <testcase name="Test Multiplica129" classname="org.bedu.java.backend.sesion3.CalculadoraTest" time="0.0"/>
  <testcase name="Test Multiplica130" classname="org.bedu.java.backend.sesion3.CalculadoraTest" time="0.0"/>
  <testcase name="Test Multiplica131" classname="org.bedu.java.backend.sesion3.CalculadoraTest" time="0.001"/>
  <testcase name="Test Multiplica132" classname="org.bedu.java.backend.sesion3.CalculadoraTest" time="0.0"/>
  <testcase name="Test Multiplica133" classname="org.bedu.java.backend.sesion3.CalculadoraTest" time="0.0"/>
  <testcase name="Test Multiplica134" classname="org.bedu.java.backend.sesion3.CalculadoraTest" time="0.001"/>
  <testcase name="Test Multiplica135" classname="org.bedu.java.backend.sesion3.CalculadoraTest" time="0.001"/>
  <testcase name="Test Multiplica136" classname="org.bedu.java.backend.sesion3.CalculadoraTest" time="0.001"/>
  <testcase name="Test Multiplica137" classname="org.bedu.java.backend.sesion3.CalculadoraTest" time="0.0"/>
  <testcase name="Test Multiplica138" classname="org.bedu.java.backend.sesion3.CalculadoraTest" time="0.0"/>
  <testcase name="Test Multiplica139" classname="org.bedu.java.backend.sesion3.CalculadoraTest" time="0.001"/>
  <testcase name="Test Multiplica140" classname="org.bedu.java.backend.sesion3.CalculadoraTest" time="0.0"/>
  <testcase name="Test Multiplica141" classname="org.bedu.java.backend.sesion3.CalculadoraTest" time="0.0"/>
  <testcase name="Test Multiplica142" classname="org.bedu.java.backend.sesion3.CalculadoraTest" time="0.0"/>
  <testcase name="Test Multiplica143" classname="org.bedu.java.backend.sesion3.CalculadoraTest" time="0.0"/>
  <testcase name="Test Multiplica144" classname="org.bedu.java.backend.sesion3.CalculadoraTest" time="0.001"/>
  <testcase name="Test Multiplica145" classname="org.bedu.java.backend.sesion3.CalculadoraTest" time="0.0"/>
  <testcase name="Test Multiplica146" classname="org.bedu.java.backend.sesion3.CalculadoraTest" time="0.0"/>
  <testcase name="Test Multiplica147" classname="org.bedu.java.backend.sesion3.CalculadoraTest" time="0.0"/>
  <testcase name="Test Multiplica148" classname="org.bedu.java.backend.sesion3.CalculadoraTest" time="0.001"/>
  <testcase name="Test Multiplica149" classname="org.bedu.java.backend.sesion3.CalculadoraTest" time="0.0"/>
  <testcase name="Test Multiplica150" classname="org.bedu.java.backend.sesion3.CalculadoraTest" time="0.0"/>
  <testcase name="Test Multiplica151" classname="org.bedu.java.backend.sesion3.CalculadoraTest" time="0.001"/>
  <testcase name="Test Multiplica152" classname="org.bedu.java.backend.sesion3.CalculadoraTest" time="0.0"/>
  <testcase name="Test Multiplica153" classname="org.bedu.java.backend.sesion3.CalculadoraTest" time="0.001"/>
  <testcase name="Test Multiplica154" classname="org.bedu.java.backend.sesion3.CalculadoraTest" time="0.0"/>
  <testcase name="Test Multiplica155" classname="org.bedu.java.backend.sesion3.CalculadoraTest" time="0.0"/>
  <testcase name="Test Multiplica156" classname="org.bedu.java.backend.sesion3.CalculadoraTest" time="0.001"/>
  <testcase name="Test Multiplica157" classname="org.bedu.java.backend.sesion3.CalculadoraTest" time="0.001"/>
  <testcase name="Test Multiplica158" classname="org.bedu.java.backend.sesion3.CalculadoraTest" time="0.001"/>
  <testcase name="Test Multiplica159" classname="org.bedu.java.backend.sesion3.CalculadoraTest" time="0.0"/>
  <testcase name="Test Multiplica160" classname="org.bedu.java.backend.sesion3.CalculadoraTest" time="0.0"/>
  <testcase name="Test Multiplica161" classname="org.bedu.java.backend.sesion3.CalculadoraTest" time="0.0"/>
  <testcase name="Test Multiplica162" classname="org.bedu.java.backend.sesion3.CalculadoraTest" time="0.0"/>
  <testcase name="Test Multiplica163" classname="org.bedu.java.backend.sesion3.CalculadoraTest" time="0.001"/>
  <testcase name="Test Multiplica164" classname="org.bedu.java.backend.sesion3.CalculadoraTest" time="0.001"/>
  <testcase name="Test Multiplica165" classname="org.bedu.java.backend.sesion3.CalculadoraTest" time="0.001"/>
  <testcase name="Test Multiplica166" classname="org.bedu.java.backend.sesion3.CalculadoraTest" time="0.001"/>
  <testcase name="Test Multiplica167" classname="org.bedu.java.backend.sesion3.CalculadoraTest" time="0.0"/>
  <testcase name="Test Multiplica168" classname="org.bedu.java.backend.sesion3.CalculadoraTest" time="0.0"/>
  <testcase name="Test Multiplica169" classname="org.bedu.java.backend.sesion3.CalculadoraTest" time="0.0"/>
  <testcase name="Test Multiplica170" classname="org.bedu.java.backend.sesion3.CalculadoraTest" time="0.001"/>
  <testcase name="Test Multiplica171" classname="org.bedu.java.backend.sesion3.CalculadoraTest" time="0.001"/>
  <testcase name="Test Multiplica172" classname="org.bedu.java.backend.sesion3.CalculadoraTest" time="0.001"/>
  <testcase name="Test Multiplica173" classname="org.bedu.java.backend.sesion3.CalculadoraTest" time="0.001"/>
  <testcase name="Test Multiplica174" classname="org.bedu.java.backend.sesion3.CalculadoraTest" time="0.0"/>
  <testcase name="Test Multiplica175" classname="org.bedu.java.backend.sesion3.CalculadoraTest" time="0.001"/>
  <testcase name="Test Multiplica176" classname="org.bedu.java.backend.sesion3.CalculadoraTest" time="0.001"/>
  <testcase name="Test Multiplica177" classname="org.bedu.java.backend.sesion3.CalculadoraTest" time="0.001"/>
  <testcase name="Test Multiplica178" classname="org.bedu.java.backend.sesion3.CalculadoraTest" time="0.001"/>
  <testcase name="Test Multiplica179" classname="org.bedu.java.backend.sesion3.CalculadoraTest" time="0.001"/>
  <testcase name="Test Multiplica180" classname="org.bedu.java.backend.sesion3.CalculadoraTest" time="0.0"/>
  <testcase name="Test Multiplica181" classname="org.bedu.java.backend.sesion3.CalculadoraTest" time="0.0"/>
  <testcase name="Test Multiplica182" classname="org.bedu.java.backend.sesion3.CalculadoraTest" time="0.001"/>
  <testcase name="Test Multiplica183" classname="org.bedu.java.backend.sesion3.CalculadoraTest" time="0.0"/>
  <testcase name="Test Multiplica184" classname="org.bedu.java.backend.sesion3.CalculadoraTest" time="0.001"/>
  <testcase name="Test Multiplica185" classname="org.bedu.java.backend.sesion3.CalculadoraTest" time="0.0"/>
  <testcase name="Test Multiplica186" classname="org.bedu.java.backend.sesion3.CalculadoraTest" time="0.0"/>
  <testcase name="Test Multiplica187" classname="org.bedu.java.backend.sesion3.CalculadoraTest" time="0.0"/>
  <testcase name="Test Multiplica188" classname="org.bedu.java.backend.sesion3.CalculadoraTest" time="0.0"/>
  <testcase name="Test Multiplica189" classname="org.bedu.java.backend.sesion3.CalculadoraTest" time="0.0"/>
  <testcase name="Test Multiplica190" classname="org.bedu.java.backend.sesion3.CalculadoraTest" time="0.0"/>
  <testcase name="Test Multiplica191" classname="org.bedu.java.backend.sesion3.CalculadoraTest" time="0.0"/>
  <testcase name="Test Multiplica192" classname="org.bedu.java.backend.sesion3.CalculadoraTest" time="0.0"/>
  <testcase name="Test Multiplica193" classname="org.bedu.java.backend.sesion3.CalculadoraTest" time="0.0"/>
  <testcase name="Test Multiplica194" classname="org.bedu.java.backend.sesion3.CalculadoraTest" time="0.0"/>
  <testcase name="Test Multiplica195" classname="org.bedu.java.backend.sesion3.CalculadoraTest" time="0.0"/>
  <testcase name="Test Multiplica196" classname="org.bedu.java.backend.sesion3.CalculadoraTest" time="0.001"/>
  <testcase name="Test Multiplica197" classname="org.bedu.java.backend.sesion3.CalculadoraTest" time="0.0"/>
  <testcase name="Test Multiplica198" classname="org.bedu.java.backend.sesion3.CalculadoraTest" time="0.0"/>
  <testcase name="Test Multiplica199" classname="org.bedu.java.backend.sesion3.CalculadoraTest" time="0.0"/>
  <testcase name="Test Multiplica200" classname="org.bedu.java.backend.sesion3.CalculadoraTest" time="0.0"/>
  <testcase name="Test Multiplica201" classname="org.bedu.java.backend.sesion3.CalculadoraTest" time="0.0"/>
  <testcase name="Test Multiplica202" classname="org.bedu.java.backend.sesion3.CalculadoraTest" time="0.0"/>
  <testcase name="Test Multiplica203" classname="org.bedu.java.backend.sesion3.CalculadoraTest" time="0.0"/>
  <testcase name="Test Multiplica204" classname="org.bedu.java.backend.sesion3.CalculadoraTest" time="0.0"/>
  <testcase name="Test Multiplica205" classname="org.bedu.java.backend.sesion3.CalculadoraTest" time="0.0"/>
  <testcase name="Test Multiplica206" classname="org.bedu.java.backend.sesion3.CalculadoraTest" time="0.0"/>
  <testcase name="Test Multiplica207" classname="org.bedu.java.backend.sesion3.CalculadoraTest" time="0.0"/>
  <testcase name="Test Multiplica208" classname="org.bedu.java.backend.sesion3.CalculadoraTest" time="0.0"/>
  <testcase name="Test Multiplica209" classname="org.bedu.java.backend.sesion3.CalculadoraTest" time="0.0"/>
  <testcase name="Test Multiplica210" classname="org.bedu.java.backend.sesion3.CalculadoraTest" time="0.001"/>
  <testcase name="Test Multiplica211" classname="org.bedu.java.backend.sesion3.CalculadoraTest" time="0.0"/>
  <testcase name="Test Multiplica212" classname="org.bedu.java.backend.sesion3.CalculadoraTest" time="0.001"/>
  <testcase name="Test Multiplica213" classname="org.bedu.java.backend.sesion3.CalculadoraTest" time="0.001"/>
  <testcase name="Test Multiplica214" classname="org.bedu.java.backend.sesion3.CalculadoraTest" time="0.001"/>
  <testcase name="Test Multiplica215" classname="org.bedu.java.backend.sesion3.CalculadoraTest" time="0.0"/>
  <testcase name="Test Multiplica216" classname="org.bedu.java.backend.sesion3.CalculadoraTest" time="0.0"/>
  <testcase name="Test Multiplica217" classname="org.bedu.java.backend.sesion3.CalculadoraTest" time="0.0"/>
  <testcase name="Test Multiplica218" classname="org.bedu.java.backend.sesion3.CalculadoraTest" time="0.0"/>
  <testcase name="Test Multiplica219" classname="org.bedu.java.backend.sesion3.CalculadoraTest" time="0.001"/>
  <testcase name="Test Multiplica220" classname="org.bedu.java.backend.sesion3.CalculadoraTest" time="0.0"/>
  <testcase name="Test Multiplica221" classname="org.bedu.java.backend.sesion3.CalculadoraTest" time="0.0"/>
  <testcase name="Test Multiplica222" classname="org.bedu.java.backend.sesion3.CalculadoraTest" time="0.0"/>
  <testcase name="Test Multiplica223" classname="org.bedu.java.backend.sesion3.CalculadoraTest" time="0.001"/>
  <testcase name="Test Multiplica224" classname="org.bedu.java.backend.sesion3.CalculadoraTest" time="0.0"/>
  <testcase name="Test Multiplica225" classname="org.bedu.java.backend.sesion3.CalculadoraTest" time="0.001"/>
  <testcase name="Test Multiplica226" classname="org.bedu.java.backend.sesion3.CalculadoraTest" time="0.0"/>
  <testcase name="Test Multiplica227" classname="org.bedu.java.backend.sesion3.CalculadoraTest" time="0.001"/>
  <testcase name="Test Multiplica228" classname="org.bedu.java.backend.sesion3.CalculadoraTest" time="0.0"/>
  <testcase name="Test Multiplica229" classname="org.bedu.java.backend.sesion3.CalculadoraTest" time="0.0"/>
  <testcase name="Test Multiplica230" classname="org.bedu.java.backend.sesion3.CalculadoraTest" time="0.0"/>
  <testcase name="Test Multiplica231" classname="org.bedu.java.backend.sesion3.CalculadoraTest" time="0.0"/>
  <testcase name="Test Multiplica232" classname="org.bedu.java.backend.sesion3.CalculadoraTest" time="0.0"/>
  <testcase name="Test Multiplica233" classname="org.bedu.java.backend.sesion3.CalculadoraTest" time="0.001"/>
  <testcase name="Test Multiplica234" classname="org.bedu.java.backend.sesion3.CalculadoraTest" time="0.0"/>
  <testcase name="Test Multiplica235" classname="org.bedu.java.backend.sesion3.CalculadoraTest" time="0.0"/>
  <testcase name="Test Multiplica236" classname="org.bedu.java.backend.sesion3.CalculadoraTest" time="0.0"/>
  <testcase name="Test Multiplica237" classname="org.bedu.java.backend.sesion3.CalculadoraTest" time="0.0"/>
  <testcase name="Test Multiplica238" classname="org.bedu.java.backend.sesion3.CalculadoraTest" time="0.0"/>
  <testcase name="Test Multiplica239" classname="org.bedu.java.backend.sesion3.CalculadoraTest" time="0.0"/>
  <testcase name="Test Multiplica240" classname="org.bedu.java.backend.sesion3.CalculadoraTest" time="0.0"/>
  <testcase name="Test Multiplica241" classname="org.bedu.java.backend.sesion3.CalculadoraTest" time="0.0"/>
  <testcase name="Test Multiplica242" classname="org.bedu.java.backend.sesion3.CalculadoraTest" time="0.001"/>
  <testcase name="Test Multiplica243" classname="org.bedu.java.backend.sesion3.CalculadoraTest" time="0.0"/>
  <testcase name="Test Multiplica244" classname="org.bedu.java.backend.sesion3.CalculadoraTest" time="0.0"/>
  <testcase name="Test Multiplica245" classname="org.bedu.java.backend.sesion3.CalculadoraTest" time="0.0"/>
  <testcase name="Test Multiplica246" classname="org.bedu.java.backend.sesion3.CalculadoraTest" time="0.0"/>
  <testcase name="Test Multiplica247" classname="org.bedu.java.backend.sesion3.CalculadoraTest" time="0.001"/>
  <testcase name="Test Multiplica248" classname="org.bedu.java.backend.sesion3.CalculadoraTest" time="0.0"/>
  <testcase name="Test Multiplica249" classname="org.bedu.java.backend.sesion3.CalculadoraTest" time="0.0"/>
  <testcase name="Test Multiplica250" classname="org.bedu.java.backend.sesion3.CalculadoraTest" time="0.0"/>
  <testcase name="Test Multiplica251" classname="org.bedu.java.backend.sesion3.CalculadoraTest" time="0.001"/>
  <testcase name="Test Multiplica252" classname="org.bedu.java.backend.sesion3.CalculadoraTest" time="0.0"/>
  <testcase name="Test Multiplica253" classname="org.bedu.java.backend.sesion3.CalculadoraTest" time="0.0"/>
  <testcase name="Test Multiplica254" classname="org.bedu.java.backend.sesion3.CalculadoraTest" time="0.001"/>
  <testcase name="Test Multiplica255" classname="org.bedu.java.backend.sesion3.CalculadoraTest" time="0.0"/>
  <testcase name="Test Multiplica256" classname="org.bedu.java.backend.sesion3.CalculadoraTest" time="0.0"/>
  <testcase name="Test Multiplica257" classname="org.bedu.java.backend.sesion3.CalculadoraTest" time="0.0"/>
  <testcase name="Test Multiplica258" classname="org.bedu.java.backend.sesion3.CalculadoraTest" time="0.0"/>
  <testcase name="Test Multiplica259" classname="org.bedu.java.backend.sesion3.CalculadoraTest" time="0.0"/>
  <testcase name="Test Multiplica260" classname="org.bedu.java.backend.sesion3.CalculadoraTest" time="0.0"/>
  <testcase name="Test Multiplica261" classname="org.bedu.java.backend.sesion3.CalculadoraTest" time="0.001"/>
  <testcase name="Test Multiplica262" classname="org.bedu.java.backend.sesion3.CalculadoraTest" time="0.0"/>
  <testcase name="Test Multiplica263" classname="org.bedu.java.backend.sesion3.CalculadoraTest" time="0.0"/>
  <testcase name="Test Multiplica264" classname="org.bedu.java.backend.sesion3.CalculadoraTest" time="0.0"/>
  <testcase name="Test Multiplica265" classname="org.bedu.java.backend.sesion3.CalculadoraTest" time="0.0"/>
  <testcase name="Test Multiplica266" classname="org.bedu.java.backend.sesion3.CalculadoraTest" time="0.0"/>
  <testcase name="Test Multiplica267" classname="org.bedu.java.backend.sesion3.CalculadoraTest" time="0.0"/>
  <testcase name="Test Multiplica268" classname="org.bedu.java.backend.sesion3.CalculadoraTest" time="0.001"/>
  <testcase name="Test Multiplica269" classname="org.bedu.java.backend.sesion3.CalculadoraTest" time="0.0"/>
  <testcase name="Test Multiplica270" classname="org.bedu.java.backend.sesion3.CalculadoraTest" time="0.0"/>
  <testcase name="Test Multiplica271" classname="org.bedu.java.backend.sesion3.CalculadoraTest" time="0.0"/>
  <testcase name="Test Multiplica272" classname="org.bedu.java.backend.sesion3.CalculadoraTest" time="0.001"/>
  <testcase name="Test Multiplica273" classname="org.bedu.java.backend.sesion3.CalculadoraTest" time="0.0"/>
  <testcase name="Test Multiplica274" classname="org.bedu.java.backend.sesion3.CalculadoraTest" time="0.0"/>
  <testcase name="Test Multiplica275" classname="org.bedu.java.backend.sesion3.CalculadoraTest" time="0.0"/>
  <testcase name="Test Multiplica276" classname="org.bedu.java.backend.sesion3.CalculadoraTest" time="0.001"/>
  <testcase name="Test Multiplica277" classname="org.bedu.java.backend.sesion3.CalculadoraTest" time="0.0"/>
  <testcase name="Test Multiplica278" classname="org.bedu.java.backend.sesion3.CalculadoraTest" time="0.001"/>
  <testcase name="Test Multiplica279" classname="org.bedu.java.backend.sesion3.CalculadoraTest" time="0.0"/>
  <testcase name="Test Multiplica280" classname="org.bedu.java.backend.sesion3.CalculadoraTest" time="0.0"/>
  <testcase name="Test Multiplica281" classname="org.bedu.java.backend.sesion3.CalculadoraTest" time="0.0"/>
  <testcase name="Test Multiplica282" classname="org.bedu.java.backend.sesion3.CalculadoraTest" time="0.001"/>
  <testcase name="Test Multiplica283" classname="org.bedu.java.backend.sesion3.CalculadoraTest" time="0.0"/>
  <testcase name="Test Multiplica284" classname="org.bedu.java.backend.sesion3.CalculadoraTest" time="0.001"/>
  <testcase name="Test Multiplica285" classname="org.bedu.java.backend.sesion3.CalculadoraTest" time="0.0"/>
  <testcase name="Test Multiplica286" classname="org.bedu.java.backend.sesion3.CalculadoraTest" time="0.0"/>
  <testcase name="Test Multiplica287" classname="org.bedu.java.backend.sesion3.CalculadoraTest" time="0.001"/>
  <testcase name="Test Multiplica288" classname="org.bedu.java.backend.sesion3.CalculadoraTest" time="0.0"/>
  <testcase name="Test Multiplica289" classname="org.bedu.java.backend.sesion3.CalculadoraTest" time="0.0"/>
  <testcase name="Test Multiplica290" classname="org.bedu.java.backend.sesion3.CalculadoraTest" time="0.0"/>
  <testcase name="Test Multiplica291" classname="org.bedu.java.backend.sesion3.CalculadoraTest" time="0.0"/>
  <testcase name="Test Multiplica292" classname="org.bedu.java.backend.sesion3.CalculadoraTest" time="0.0"/>
  <testcase name="Test Multiplica293" classname="org.bedu.java.backend.sesion3.CalculadoraTest" time="0.0"/>
  <testcase name="Test Multiplica294" classname="org.bedu.java.backend.sesion3.CalculadoraTest" time="0.0"/>
  <testcase name="Test Multiplica295" classname="org.bedu.java.backend.sesion3.CalculadoraTest" time="0.0"/>
  <testcase name="Test Multiplica296" classname="org.bedu.java.backend.sesion3.CalculadoraTest" time="0.0"/>
  <testcase name="Test Multiplica297" classname="org.bedu.java.backend.sesion3.CalculadoraTest" time="0.0"/>
  <testcase name="Test Multiplica298" classname="org.bedu.java.backend.sesion3.CalculadoraTest" time="0.0"/>
  <testcase name="Test Multiplica299" classname="org.bedu.java.backend.sesion3.CalculadoraTest" time="0.0"/>
  <testcase name="Test Multiplica300" classname="org.bedu.java.backend.sesion3.CalculadoraTest" time="0.0"/>
  <testcase name="Test Multiplica301" classname="org.bedu.java.backend.sesion3.CalculadoraTest" time="0.0"/>
  <testcase name="Test Multiplica302" classname="org.bedu.java.backend.sesion3.CalculadoraTest" time="0.001"/>
  <testcase name="Test Multiplica303" classname="org.bedu.java.backend.sesion3.CalculadoraTest" time="0.0"/>
  <testcase name="Test Multiplica304" classname="org.bedu.java.backend.sesion3.CalculadoraTest" time="0.0"/>
  <testcase name="Test Multiplica305" classname="org.bedu.java.backend.sesion3.CalculadoraTest" time="0.0"/>
  <testcase name="Test Multiplica306" classname="org.bedu.java.backend.sesion3.CalculadoraTest" time="0.0"/>
  <testcase name="Test Multiplica307" classname="org.bedu.java.backend.sesion3.CalculadoraTest" time="0.001"/>
  <testcase name="Test Multiplica308" classname="org.bedu.java.backend.sesion3.CalculadoraTest" time="0.0"/>
  <testcase name="Test Multiplica309" classname="org.bedu.java.backend.sesion3.CalculadoraTest" time="0.0"/>
  <testcase name="Test Multiplica310" classname="org.bedu.java.backend.sesion3.CalculadoraTest" time="0.0"/>
  <testcase name="Test Multiplica311" classname="org.bedu.java.backend.sesion3.CalculadoraTest" time="0.001"/>
  <testcase name="Test Multiplica312" classname="org.bedu.java.backend.sesion3.CalculadoraTest" time="0.0"/>
  <testcase name="Test Multiplica313" classname="org.bedu.java.backend.sesion3.CalculadoraTest" time="0.0"/>
  <testcase name="Test Multiplica314" classname="org.bedu.java.backend.sesion3.CalculadoraTest" time="0.0"/>
  <testcase name="Test Multiplica315" classname="org.bedu.java.backend.sesion3.CalculadoraTest" time="0.0"/>
  <testcase name="Test Multiplica316" classname="org.bedu.java.backend.sesion3.CalculadoraTest" time="0.001"/>
  <testcase name="Test Multiplica317" classname="org.bedu.java.backend.sesion3.CalculadoraTest" time="0.001"/>
  <testcase name="Test Multiplica318" classname="org.bedu.java.backend.sesion3.CalculadoraTest" time="0.0"/>
  <testcase name="Test Multiplica319" classname="org.bedu.java.backend.sesion3.CalculadoraTest" time="0.0"/>
  <testcase name="Test Multiplica320" classname="org.bedu.java.backend.sesion3.CalculadoraTest" time="0.001"/>
  <testcase name="Test Multiplica321" classname="org.bedu.java.backend.sesion3.CalculadoraTest" time="0.0"/>
  <testcase name="Test Multiplica322" classname="org.bedu.java.backend.sesion3.CalculadoraTest" time="0.0"/>
  <testcase name="Test Multiplica323" classname="org.bedu.java.backend.sesion3.CalculadoraTest" time="0.001"/>
  <testcase name="Test Multiplica324" classname="org.bedu.java.backend.sesion3.CalculadoraTest" time="0.0"/>
  <testcase name="Test Multiplica325" classname="org.bedu.java.backend.sesion3.CalculadoraTest" time="0.0"/>
  <testcase name="Test Multiplica326" classname="org.bedu.java.backend.sesion3.CalculadoraTest" time="0.0"/>
  <testcase name="Test Multiplica327" classname="org.bedu.java.backend.sesion3.CalculadoraTest" time="0.0"/>
  <testcase name="Test Multiplica328" classname="org.bedu.java.backend.sesion3.CalculadoraTest" time="0.0"/>
  <testcase name="Test Multiplica329" classname="org.bedu.java.backend.sesion3.CalculadoraTest" time="0.0"/>
  <testcase name="Test Multiplica330" classname="org.bedu.java.backend.sesion3.CalculadoraTest" time="0.0"/>
  <testcase name="Test Multiplica331" classname="org.bedu.java.backend.sesion3.CalculadoraTest" time="0.0"/>
  <testcase name="Test Multiplica332" classname="org.bedu.java.backend.sesion3.CalculadoraTest" time="0.0"/>
  <testcase name="Test Multiplica333" classname="org.bedu.java.backend.sesion3.CalculadoraTest" time="0.001"/>
  <testcase name="Test Multiplica334" classname="org.bedu.java.backend.sesion3.CalculadoraTest" time="0.0"/>
  <testcase name="Test Multiplica335" classname="org.bedu.java.backend.sesion3.CalculadoraTest" time="0.0"/>
  <testcase name="Test Multiplica336" classname="org.bedu.java.backend.sesion3.CalculadoraTest" time="0.0"/>
  <testcase name="Test Multiplica337" classname="org.bedu.java.backend.sesion3.CalculadoraTest" time="0.0"/>
  <testcase name="Test Multiplica338" classname="org.bedu.java.backend.sesion3.CalculadoraTest" time="0.0"/>
  <testcase name="Test Multiplica339" classname="org.bedu.java.backend.sesion3.CalculadoraTest" time="0.0"/>
  <testcase name="Test Multiplica340" classname="org.bedu.java.backend.sesion3.CalculadoraTest" time="0.001"/>
  <testcase name="Test Multiplica341" classname="org.bedu.java.backend.sesion3.CalculadoraTest" time="0.0"/>
  <testcase name="Test Multiplica342" classname="org.bedu.java.backend.sesion3.CalculadoraTest" time="0.0"/>
  <testcase name="Test Multiplica343" classname="org.bedu.java.backend.sesion3.CalculadoraTest" time="0.0"/>
  <testcase name="Test Multiplica344" classname="org.bedu.java.backend.sesion3.CalculadoraTest" time="0.001"/>
  <testcase name="Test Multiplica345" classname="org.bedu.java.backend.sesion3.CalculadoraTest" time="0.0"/>
  <testcase name="Test Multiplica346" classname="org.bedu.java.backend.sesion3.CalculadoraTest" time="0.0"/>
  <testcase name="Test Multiplica347" classname="org.bedu.java.backend.sesion3.CalculadoraTest" time="0.0"/>
  <testcase name="Test Multiplica348" classname="org.bedu.java.backend.sesion3.CalculadoraTest" time="0.0"/>
  <testcase name="Test Multiplica349" classname="org.bedu.java.backend.sesion3.CalculadoraTest" time="0.0"/>
  <testcase name="Test Multiplica350" classname="org.bedu.java.backend.sesion3.CalculadoraTest" time="0.0"/>
  <testcase name="Test Multiplica351" classname="org.bedu.java.backend.sesion3.CalculadoraTest" time="0.0"/>
  <testcase name="Test Multiplica352" classname="org.bedu.java.backend.sesion3.CalculadoraTest" time="0.0"/>
  <testcase name="Test Multiplica353" classname="org.bedu.java.backend.sesion3.CalculadoraTest" time="0.0"/>
  <testcase name="Test Multiplica354" classname="org.bedu.java.backend.sesion3.CalculadoraTest" time="0.0"/>
  <testcase name="Test Multiplica355" classname="org.bedu.java.backend.sesion3.CalculadoraTest" time="0.0"/>
  <testcase name="Test Multiplica356" classname="org.bedu.java.backend.sesion3.CalculadoraTest" time="0.0"/>
  <testcase name="Test Multiplica357" classname="org.bedu.java.backend.sesion3.CalculadoraTest" time="0.0"/>
  <testcase name="Test Multiplica358" classname="org.bedu.java.backend.sesion3.CalculadoraTest" time="0.0"/>
  <testcase name="Test Multiplica359" classname="org.bedu.java.backend.sesion3.CalculadoraTest" time="0.0"/>
  <testcase name="Test Multiplica360" classname="org.bedu.java.backend.sesion3.CalculadoraTest" time="0.001"/>
  <testcase name="Test Multiplica361" classname="org.bedu.java.backend.sesion3.CalculadoraTest" time="0.0"/>
  <testcase name="Test Multiplica362" classname="org.bedu.java.backend.sesion3.CalculadoraTest" time="0.0"/>
  <testcase name="Test Multiplica363" classname="org.bedu.java.backend.sesion3.CalculadoraTest" time="0.001"/>
  <testcase name="Test Multiplica364" classname="org.bedu.java.backend.sesion3.CalculadoraTest" time="0.0"/>
  <testcase name="Test Multiplica365" classname="org.bedu.java.backend.sesion3.CalculadoraTest" time="0.0"/>
  <testcase name="Test Multiplica366" classname="org.bedu.java.backend.sesion3.CalculadoraTest" time="0.0"/>
  <testcase name="Test Multiplica367" classname="org.bedu.java.backend.sesion3.CalculadoraTest" time="0.0"/>
  <testcase name="Test Multiplica368" classname="org.bedu.java.backend.sesion3.CalculadoraTest" time="0.001"/>
  <testcase name="Test Multiplica369" classname="org.bedu.java.backend.sesion3.CalculadoraTest" time="0.0"/>
  <testcase name="Test Multiplica370" classname="org.bedu.java.backend.sesion3.CalculadoraTest" time="0.0"/>
  <testcase name="Test Multiplica371" classname="org.bedu.java.backend.sesion3.CalculadoraTest" time="0.001"/>
  <testcase name="Test Multiplica372" classname="org.bedu.java.backend.sesion3.CalculadoraTest" time="0.0"/>
  <testcase name="Test Multiplica373" classname="org.bedu.java.backend.sesion3.CalculadoraTest" time="0.0"/>
  <testcase name="Test Multiplica374" classname="org.bedu.java.backend.sesion3.CalculadoraTest" time="0.001"/>
  <testcase name="Test Multiplica375" classname="org.bedu.java.backend.sesion3.CalculadoraTest" time="0.0"/>
  <testcase name="Test Multiplica376" classname="org.bedu.java.backend.sesion3.CalculadoraTest" time="0.0"/>
  <testcase name="Test Multiplica377" classname="org.bedu.java.backend.sesion3.CalculadoraTest" time="0.0"/>
  <testcase name="Test Multiplica378" classname="org.bedu.java.backend.sesion3.CalculadoraTest" time="0.0"/>
  <testcase name="Test Multiplica379" classname="org.bedu.java.backend.sesion3.CalculadoraTest" time="0.0"/>
  <testcase name="Test Multiplica380" classname="org.bedu.java.backend.sesion3.CalculadoraTest" time="0.0"/>
  <testcase name="Test Multiplica381" classname="org.bedu.java.backend.sesion3.CalculadoraTest" time="0.0"/>
  <testcase name="Test Multiplica382" classname="org.bedu.java.backend.sesion3.CalculadoraTest" time="0.0"/>
  <testcase name="Test Multiplica383" classname="org.bedu.java.backend.sesion3.CalculadoraTest" time="0.0"/>
  <testcase name="Test Multiplica384" classname="org.bedu.java.backend.sesion3.CalculadoraTest" time="0.0"/>
  <testcase name="Test Multiplica385" classname="org.bedu.java.backend.sesion3.CalculadoraTest" time="0.0"/>
  <testcase name="Test Multiplica386" classname="org.bedu.java.backend.sesion3.CalculadoraTest" time="0.0"/>
  <testcase name="Test Multiplica387" classname="org.bedu.java.backend.sesion3.CalculadoraTest" time="0.001"/>
  <testcase name="Test Multiplica388" classname="org.bedu.java.backend.sesion3.CalculadoraTest" time="0.0"/>
  <testcase name="Test Multiplica389" classname="org.bedu.java.backend.sesion3.CalculadoraTest" time="0.0"/>
  <testcase name="Test Multiplica390" classname="org.bedu.java.backend.sesion3.CalculadoraTest" time="0.001"/>
  <testcase name="Test Multiplica391" classname="org.bedu.java.backend.sesion3.CalculadoraTest" time="0.0"/>
  <testcase name="Test Multiplica392" classname="org.bedu.java.backend.sesion3.CalculadoraTest" time="0.0"/>
  <testcase name="Test Multiplica393" classname="org.bedu.java.backend.sesion3.CalculadoraTest" time="0.0"/>
  <testcase name="Test Multiplica394" classname="org.bedu.java.backend.sesion3.CalculadoraTest" time="0.001"/>
  <testcase name="Test Multiplica395" classname="org.bedu.java.backend.sesion3.CalculadoraTest" time="0.0"/>
  <testcase name="Test Multiplica396" classname="org.bedu.java.backend.sesion3.CalculadoraTest" time="0.001"/>
  <testcase name="Test Multiplica397" classname="org.bedu.java.backend.sesion3.CalculadoraTest" time="0.0"/>
  <testcase name="Test Multiplica398" classname="org.bedu.java.backend.sesion3.CalculadoraTest" time="0.0"/>
  <testcase name="Test Multiplica399" classname="org.bedu.java.backend.sesion3.CalculadoraTest" time="0.0"/>
  <testcase name="Test Multiplica400" classname="org.bedu.java.backend.sesion3.CalculadoraTest" time="0.0"/>
  <testcase name="Test Multiplica401" classname="org.bedu.java.backend.sesion3.CalculadoraTest" time="0.0"/>
  <testcase name="Test Multiplica402" classname="org.bedu.java.backend.sesion3.CalculadoraTest" time="0.0"/>
  <testcase name="Test Multiplica403" classname="org.bedu.java.backend.sesion3.CalculadoraTest" time="0.0"/>
  <testcase name="Test Multiplica404" classname="org.bedu.java.backend.sesion3.CalculadoraTest" time="0.0"/>
  <testcase name="Test Multiplica405" classname="org.bedu.java.backend.sesion3.CalculadoraTest" time="0.0"/>
  <testcase name="Test Multiplica406" classname="org.bedu.java.backend.sesion3.CalculadoraTest" time="0.0"/>
  <testcase name="Test Multiplica407" classname="org.bedu.java.backend.sesion3.CalculadoraTest" time="0.0"/>
  <testcase name="Test Multiplica408" classname="org.bedu.java.backend.sesion3.CalculadoraTest" time="0.001"/>
  <testcase name="Test Multiplica409" classname="org.bedu.java.backend.sesion3.CalculadoraTest" time="0.0"/>
  <testcase name="Test Multiplica410" classname="org.bedu.java.backend.sesion3.CalculadoraTest" time="0.0"/>
  <testcase name="Test Multiplica411" classname="org.bedu.java.backend.sesion3.CalculadoraTest" time="0.0"/>
  <testcase name="Test Multiplica412" classname="org.bedu.java.backend.sesion3.CalculadoraTest" time="0.0"/>
  <testcase name="Test Multiplica413" classname="org.bedu.java.backend.sesion3.CalculadoraTest" time="0.0"/>
  <testcase name="Test Multiplica414" classname="org.bedu.java.backend.sesion3.CalculadoraTest" time="0.001"/>
  <testcase name="Test Multiplica415" classname="org.bedu.java.backend.sesion3.CalculadoraTest" time="0.0"/>
  <testcase name="Test Multiplica416" classname="org.bedu.java.backend.sesion3.CalculadoraTest" time="0.0"/>
  <testcase name="Test Multiplica417" classname="org.bedu.java.backend.sesion3.CalculadoraTest" time="0.0"/>
  <testcase name="Test Multiplica418" classname="org.bedu.java.backend.sesion3.CalculadoraTest" time="0.0"/>
  <testcase name="Test Multiplica419" classname="org.bedu.java.backend.sesion3.CalculadoraTest" time="0.001"/>
  <testcase name="Test Multiplica420" classname="org.bedu.java.backend.sesion3.CalculadoraTest" time="0.0"/>
  <testcase name="Test Multiplica421" classname="org.bedu.java.backend.sesion3.CalculadoraTest" time="0.0"/>
  <testcase name="Test Multiplica422" classname="org.bedu.java.backend.sesion3.CalculadoraTest" time="0.0"/>
  <testcase name="Test Multiplica423" classname="org.bedu.java.backend.sesion3.CalculadoraTest" time="0.001"/>
  <testcase name="Test Multiplica424" classname="org.bedu.java.backend.sesion3.CalculadoraTest" time="0.001"/>
  <testcase name="Test Multiplica425" classname="org.bedu.java.backend.sesion3.CalculadoraTest" time="0.0"/>
  <testcase name="Test Multiplica426" classname="org.bedu.java.backend.sesion3.CalculadoraTest" time="0.0"/>
  <testcase name="Test Multiplica427" classname="org.bedu.java.backend.sesion3.CalculadoraTest" time="0.0"/>
  <testcase name="Test Multiplica428" classname="org.bedu.java.backend.sesion3.CalculadoraTest" time="0.0"/>
  <testcase name="Test Multiplica429" classname="org.bedu.java.backend.sesion3.CalculadoraTest" time="0.0"/>
  <testcase name="Test Multiplica430" classname="org.bedu.java.backend.sesion3.CalculadoraTest" time="0.0"/>
  <testcase name="Test Multiplica431" classname="org.bedu.java.backend.sesion3.CalculadoraTest" time="0.0"/>
  <testcase name="Test Multiplica432" classname="org.bedu.java.backend.sesion3.CalculadoraTest" time="0.0"/>
  <testcase name="Test Multiplica433" classname="org.bedu.java.backend.sesion3.CalculadoraTest" time="0.0"/>
  <testcase name="Test Multiplica434" classname="org.bedu.java.backend.sesion3.CalculadoraTest" time="0.0"/>
  <testcase name="Test Multiplica435" classname="org.bedu.java.backend.sesion3.CalculadoraTest" time="0.001"/>
  <testcase name="Test Multiplica436" classname="org.bedu.java.backend.sesion3.CalculadoraTest" time="0.0"/>
  <testcase name="Test Multiplica437" classname="org.bedu.java.backend.sesion3.CalculadoraTest" time="0.001"/>
  <testcase name="Test Multiplica438" classname="org.bedu.java.backend.sesion3.CalculadoraTest" time="0.001"/>
  <testcase name="Test Multiplica439" classname="org.bedu.java.backend.sesion3.CalculadoraTest" time="0.0"/>
  <testcase name="Test Multiplica440" classname="org.bedu.java.backend.sesion3.CalculadoraTest" time="0.0"/>
  <testcase name="Test Multiplica441" classname="org.bedu.java.backend.sesion3.CalculadoraTest" time="0.0"/>
  <testcase name="Test Multiplica442" classname="org.bedu.java.backend.sesion3.CalculadoraTest" time="0.0"/>
  <testcase name="Test Multiplica443" classname="org.bedu.java.backend.sesion3.CalculadoraTest" time="0.001"/>
  <testcase name="Test Multiplica444" classname="org.bedu.java.backend.sesion3.CalculadoraTest" time="0.0"/>
  <testcase name="Test Multiplica445" classname="org.bedu.java.backend.sesion3.CalculadoraTest" time="0.0"/>
  <testcase name="Test Multiplica446" classname="org.bedu.java.backend.sesion3.CalculadoraTest" time="0.001"/>
  <testcase name="Test Multiplica447" classname="org.bedu.java.backend.sesion3.CalculadoraTest" time="0.0"/>
  <testcase name="Test Multiplica448" classname="org.bedu.java.backend.sesion3.CalculadoraTest" time="0.0"/>
  <testcase name="Test Multiplica449" classname="org.bedu.java.backend.sesion3.CalculadoraTest" time="0.001"/>
  <testcase name="Test Multiplica450" classname="org.bedu.java.backend.sesion3.CalculadoraTest" time="0.0"/>
  <testcase name="Test Multiplica451" classname="org.bedu.java.backend.sesion3.CalculadoraTest" time="0.0"/>
  <testcase name="Test Multiplica452" classname="org.bedu.java.backend.sesion3.CalculadoraTest" time="0.0"/>
  <testcase name="Test Multiplica453" classname="org.bedu.java.backend.sesion3.CalculadoraTest" time="0.0"/>
  <testcase name="Test Multiplica454" classname="org.bedu.java.backend.sesion3.CalculadoraTest" time="0.0"/>
  <testcase name="Test Multiplica455" classname="org.bedu.java.backend.sesion3.CalculadoraTest" time="0.0"/>
  <testcase name="Test Multiplica456" classname="org.bedu.java.backend.sesion3.CalculadoraTest" time="0.0"/>
  <testcase name="Test Multiplica457" classname="org.bedu.java.backend.sesion3.CalculadoraTest" time="0.0"/>
  <testcase name="Test Multiplica458" classname="org.bedu.java.backend.sesion3.CalculadoraTest" time="0.0"/>
  <testcase name="Test Multiplica459" classname="org.bedu.java.backend.sesion3.CalculadoraTest" time="0.0"/>
  <testcase name="Test Multiplica460" classname="org.bedu.java.backend.sesion3.CalculadoraTest" time="0.001"/>
  <testcase name="Test Multiplica461" classname="org.bedu.java.backend.sesion3.CalculadoraTest" time="0.0"/>
  <testcase name="Test Multiplica462" classname="org.bedu.java.backend.sesion3.CalculadoraTest" time="0.0"/>
  <testcase name="Test Multiplica463" classname="org.bedu.java.backend.sesion3.CalculadoraTest" time="0.0"/>
  <testcase name="Test Multiplica464" classname="org.bedu.java.backend.sesion3.CalculadoraTest" time="0.0"/>
  <testcase name="Test Multiplica465" classname="org.bedu.java.backend.sesion3.CalculadoraTest" time="0.0"/>
  <testcase name="Test Multiplica466" classname="org.bedu.java.backend.sesion3.CalculadoraTest" time="0.0"/>
  <testcase name="Test Multiplica467" classname="org.bedu.java.backend.sesion3.CalculadoraTest" time="0.0"/>
  <testcase name="Test Multiplica468" classname="org.bedu.java.backend.sesion3.CalculadoraTest" time="0.0"/>
  <testcase name="Test Multiplica469" classname="org.bedu.java.backend.sesion3.CalculadoraTest" time="0.001"/>
  <testcase name="Test Multiplica470" classname="org.bedu.java.backend.sesion3.CalculadoraTest" time="0.0"/>
  <testcase name="Test Multiplica471" classname="org.bedu.java.backend.sesion3.CalculadoraTest" time="0.0"/>
  <testcase name="Test Multiplica472" classname="org.bedu.java.backend.sesion3.CalculadoraTest" time="0.001"/>
  <testcase name="Test Multiplica473" classname="org.bedu.java.backend.sesion3.CalculadoraTest" time="0.0"/>
  <testcase name="Test Multiplica474" classname="org.bedu.java.backend.sesion3.CalculadoraTest" time="0.0"/>
  <testcase name="Test Multiplica475" classname="org.bedu.java.backend.sesion3.CalculadoraTest" time="0.0"/>
  <testcase name="Test Multiplica476" classname="org.bedu.java.backend.sesion3.CalculadoraTest" time="0.0"/>
  <testcase name="Test Multiplica477" classname="org.bedu.java.backend.sesion3.CalculadoraTest" time="0.0"/>
  <testcase name="Test Multiplica478" classname="org.bedu.java.backend.sesion3.CalculadoraTest" time="0.001"/>
  <testcase name="Test Multiplica479" classname="org.bedu.java.backend.sesion3.CalculadoraTest" time="0.0"/>
  <testcase name="Test Multiplica480" classname="org.bedu.java.backend.sesion3.CalculadoraTest" time="0.0"/>
  <testcase name="Test Multiplica481" classname="org.bedu.java.backend.sesion3.CalculadoraTest" time="0.001"/>
  <testcase name="Test Multiplica482" classname="org.bedu.java.backend.sesion3.CalculadoraTest" time="0.0"/>
  <testcase name="Test Multiplica483" classname="org.bedu.java.backend.sesion3.CalculadoraTest" time="0.001"/>
  <testcase name="Test Multiplica484" classname="org.bedu.java.backend.sesion3.CalculadoraTest" time="0.0"/>
  <testcase name="Test Multiplica485" classname="org.bedu.java.backend.sesion3.CalculadoraTest" time="0.0"/>
  <testcase name="Test Multiplica486" classname="org.bedu.java.backend.sesion3.CalculadoraTest" time="0.0"/>
  <testcase name="Test Multiplica487" classname="org.bedu.java.backend.sesion3.CalculadoraTest" time="0.0"/>
  <testcase name="Test Multiplica488" classname="org.bedu.java.backend.sesion3.CalculadoraTest" time="0.0"/>
  <testcase name="Test Multiplica489" classname="org.bedu.java.backend.sesion3.CalculadoraTest" time="0.0"/>
  <testcase name="Test Multiplica490" classname="org.bedu.java.backend.sesion3.CalculadoraTest" time="0.001"/>
  <testcase name="Test Multiplica491" classname="org.bedu.java.backend.sesion3.CalculadoraTest" time="0.0"/>
  <testcase name="Test Multiplica492" classname="org.bedu.java.backend.sesion3.CalculadoraTest" time="0.0"/>
  <testcase name="Test Multiplica493" classname="org.bedu.java.backend.sesion3.CalculadoraTest" time="0.0"/>
  <testcase name="Test Multiplica494" classname="org.bedu.java.backend.sesion3.CalculadoraTest" time="0.0"/>
  <testcase name="Test Multiplica495" classname="org.bedu.java.backend.sesion3.CalculadoraTest" time="0.0"/>
  <testcase name="Test Multiplica496" classname="org.bedu.java.backend.sesion3.CalculadoraTest" time="0.0"/>
  <testcase name="Test Multiplica497" classname="org.bedu.java.backend.sesion3.CalculadoraTest" time="0.0"/>
  <testcase name="Test Multiplica498" classname="org.bedu.java.backend.sesion3.CalculadoraTest" time="0.0"/>
  <testcase name="Test Multiplica499" classname="org.bedu.java.backend.sesion3.CalculadoraTest" time="0.001"/>
  <testcase name="Test Multiplica500" classname="org.bedu.java.backend.sesion3.CalculadoraTest" time="0.0"/>
  <testcase name="Test Multiplica501" classname="org.bedu.java.backend.sesion3.CalculadoraTest" time="0.0"/>
  <testcase name="Test Multiplica502" classname="org.bedu.java.backend.sesion3.CalculadoraTest" time="0.0"/>
  <testcase name="Test Multiplica503" classname="org.bedu.java.backend.sesion3.CalculadoraTest" time="0.0"/>
  <testcase name="Test Multiplica504" classname="org.bedu.java.backend.sesion3.CalculadoraTest" time="0.0"/>
  <testcase name="Test Multiplica505" classname="org.bedu.java.backend.sesion3.CalculadoraTest" time="0.0"/>
  <testcase name="Test Multiplica506" classname="org.bedu.java.backend.sesion3.CalculadoraTest" time="0.0"/>
  <testcase name="Test Multiplica507" classname="org.bedu.java.backend.sesion3.CalculadoraTest" time="0.0"/>
  <testcase name="Test Multiplica508" classname="org.bedu.java.backend.sesion3.CalculadoraTest" time="0.0"/>
  <testcase name="Test Multiplica509" classname="org.bedu.java.backend.sesion3.CalculadoraTest" time="0.0"/>
  <testcase name="Test Multiplica510" classname="org.bedu.java.backend.sesion3.CalculadoraTest" time="0.0"/>
  <testcase name="Test Multiplica511" classname="org.bedu.java.backend.sesion3.CalculadoraTest" time="0.0"/>
  <testcase name="Test Multiplica512" classname="org.bedu.java.backend.sesion3.CalculadoraTest" time="0.0"/>
  <testcase name="Test Multiplica513" classname="org.bedu.java.backend.sesion3.CalculadoraTest" time="0.0"/>
  <testcase name="Test Multiplica514" classname="org.bedu.java.backend.sesion3.CalculadoraTest" time="0.0"/>
  <testcase name="Test Multiplica515" classname="org.bedu.java.backend.sesion3.CalculadoraTest" time="0.0"/>
  <testcase name="Test Multiplica516" classname="org.bedu.java.backend.sesion3.CalculadoraTest" time="0.0"/>
  <testcase name="Test Multiplica517" classname="org.bedu.java.backend.sesion3.CalculadoraTest" time="0.0"/>
  <testcase name="Test Multiplica518" classname="org.bedu.java.backend.sesion3.CalculadoraTest" time="0.0"/>
  <testcase name="Test Multiplica519" classname="org.bedu.java.backend.sesion3.CalculadoraTest" time="0.0"/>
  <testcase name="Test Multiplica520" classname="org.bedu.java.backend.sesion3.CalculadoraTest" time="0.001"/>
  <testcase name="Test Multiplica521" classname="org.bedu.java.backend.sesion3.CalculadoraTest" time="0.0"/>
  <testcase name="Test Multiplica522" classname="org.bedu.java.backend.sesion3.CalculadoraTest" time="0.001"/>
  <testcase name="Test Multiplica523" classname="org.bedu.java.backend.sesion3.CalculadoraTest" time="0.0"/>
  <testcase name="Test Multiplica524" classname="org.bedu.java.backend.sesion3.CalculadoraTest" time="0.0"/>
  <testcase name="Test Multiplica525" classname="org.bedu.java.backend.sesion3.CalculadoraTest" time="0.0"/>
  <testcase name="Test Multiplica526" classname="org.bedu.java.backend.sesion3.CalculadoraTest" time="0.0"/>
  <testcase name="Test Multiplica527" classname="org.bedu.java.backend.sesion3.CalculadoraTest" time="0.0"/>
  <testcase name="Test Multiplica528" classname="org.bedu.java.backend.sesion3.CalculadoraTest" time="0.0"/>
  <testcase name="Test Multiplica529" classname="org.bedu.java.backend.sesion3.CalculadoraTest" time="0.0"/>
  <testcase name="Test Multiplica530" classname="org.bedu.java.backend.sesion3.CalculadoraTest" time="0.0"/>
  <testcase name="Test Multiplica531" classname="org.bedu.java.backend.sesion3.CalculadoraTest" time="0.0"/>
  <testcase name="Test Multiplica532" classname="org.bedu.java.backend.sesion3.CalculadoraTest" time="0.0"/>
  <testcase name="Test Multiplica533" classname="org.bedu.java.backend.sesion3.CalculadoraTest" time="0.0"/>
  <testcase name="Test Multiplica534" classname="org.bedu.java.backend.sesion3.CalculadoraTest" time="0.0"/>
  <testcase name="Test Multiplica535" classname="org.bedu.java.backend.sesion3.CalculadoraTest" time="0.001"/>
  <testcase name="Test Multiplica536" classname="org.bedu.java.backend.sesion3.CalculadoraTest" time="0.0"/>
  <testcase name="Test Multiplica537" classname="org.bedu.java.backend.sesion3.CalculadoraTest" time="0.0"/>
  <testcase name="Test Multiplica538" classname="org.bedu.java.backend.sesion3.CalculadoraTest" time="0.003"/>
  <testcase name="Test Multiplica539" classname="org.bedu.java.backend.sesion3.CalculadoraTest" time="0.001"/>
  <testcase name="Test Multiplica540" classname="org.bedu.java.backend.sesion3.CalculadoraTest" time="0.001"/>
  <testcase name="Test Multiplica541" classname="org.bedu.java.backend.sesion3.CalculadoraTest" time="0.001"/>
  <testcase name="Test Multiplica542" classname="org.bedu.java.backend.sesion3.CalculadoraTest" time="0.001"/>
  <testcase name="Test Multiplica543" classname="org.bedu.java.backend.sesion3.CalculadoraTest" time="0.0"/>
  <testcase name="Test Multiplica544" classname="org.bedu.java.backend.sesion3.CalculadoraTest" time="0.0"/>
  <testcase name="Test Multiplica545" classname="org.bedu.java.backend.sesion3.CalculadoraTest" time="0.0"/>
  <testcase name="Test Multiplica546" classname="org.bedu.java.backend.sesion3.CalculadoraTest" time="0.0"/>
  <testcase name="Test Multiplica547" classname="org.bedu.java.backend.sesion3.CalculadoraTest" time="0.0"/>
  <testcase name="Test Multiplica548" classname="org.bedu.java.backend.sesion3.CalculadoraTest" time="0.0"/>
  <testcase name="Test Multiplica549" classname="org.bedu.java.backend.sesion3.CalculadoraTest" time="0.002"/>
  <testcase name="Test Multiplica550" classname="org.bedu.java.backend.sesion3.CalculadoraTest" time="0.0"/>
  <testcase name="Test Multiplica551" classname="org.bedu.java.backend.sesion3.CalculadoraTest" time="0.0"/>
  <testcase name="Test Multiplica552" classname="org.bedu.java.backend.sesion3.CalculadoraTest" time="0.0"/>
  <testcase name="Test Multiplica553" classname="org.bedu.java.backend.sesion3.CalculadoraTest" time="0.0"/>
  <testcase name="Test Multiplica554" classname="org.bedu.java.backend.sesion3.CalculadoraTest" time="0.0"/>
  <testcase name="Test Multiplica555" classname="org.bedu.java.backend.sesion3.CalculadoraTest" time="0.0"/>
  <testcase name="Test Multiplica556" classname="org.bedu.java.backend.sesion3.CalculadoraTest" time="0.0"/>
  <testcase name="Test Multiplica557" classname="org.bedu.java.backend.sesion3.CalculadoraTest" time="0.0"/>
  <testcase name="Test Multiplica558" classname="org.bedu.java.backend.sesion3.CalculadoraTest" time="0.0"/>
  <testcase name="Test Multiplica559" classname="org.bedu.java.backend.sesion3.CalculadoraTest" time="0.0"/>
  <testcase name="Test Multiplica560" classname="org.bedu.java.backend.sesion3.CalculadoraTest" time="0.0"/>
  <testcase name="Test Multiplica561" classname="org.bedu.java.backend.sesion3.CalculadoraTest" time="0.0"/>
  <testcase name="Test Multiplica562" classname="org.bedu.java.backend.sesion3.CalculadoraTest" time="0.001"/>
  <testcase name="Test Multiplica563" classname="org.bedu.java.backend.sesion3.CalculadoraTest" time="0.001"/>
  <testcase name="Test Multiplica564" classname="org.bedu.java.backend.sesion3.CalculadoraTest" time="0.001"/>
  <testcase name="Test Multiplica565" classname="org.bedu.java.backend.sesion3.CalculadoraTest" time="0.0"/>
  <testcase name="Test Multiplica566" classname="org.bedu.java.backend.sesion3.CalculadoraTest" time="0.0"/>
  <testcase name="Test Multiplica567" classname="org.bedu.java.backend.sesion3.CalculadoraTest" time="0.0"/>
  <testcase name="Test Multiplica568" classname="org.bedu.java.backend.sesion3.CalculadoraTest" time="0.002"/>
  <testcase name="Test Multiplica569" classname="org.bedu.java.backend.sesion3.CalculadoraTest" time="0.0"/>
  <testcase name="Test Multiplica570" classname="org.bedu.java.backend.sesion3.CalculadoraTest" time="0.0"/>
  <testcase name="Test Multiplica571" classname="org.bedu.java.backend.sesion3.CalculadoraTest" time="0.0"/>
  <testcase name="Test Multiplica572" classname="org.bedu.java.backend.sesion3.CalculadoraTest" time="0.0"/>
  <testcase name="Test Multiplica573" classname="org.bedu.java.backend.sesion3.CalculadoraTest" time="0.0"/>
  <testcase name="Test Multiplica574" classname="org.bedu.java.backend.sesion3.CalculadoraTest" time="0.0"/>
  <testcase name="Test Multiplica575" classname="org.bedu.java.backend.sesion3.CalculadoraTest" time="0.0"/>
  <testcase name="Test Multiplica576" classname="org.bedu.java.backend.sesion3.CalculadoraTest" time="0.0"/>
  <testcase name="Test Multiplica577" classname="org.bedu.java.backend.sesion3.CalculadoraTest" time="0.001"/>
  <testcase name="Test Multiplica578" classname="org.bedu.java.backend.sesion3.CalculadoraTest" time="0.0"/>
  <testcase name="Test Multiplica579" classname="org.bedu.java.backend.sesion3.CalculadoraTest" time="0.0"/>
  <testcase name="Test Multiplica580" classname="org.bedu.java.backend.sesion3.CalculadoraTest" time="0.0"/>
  <testcase name="Test Multiplica581" classname="org.bedu.java.backend.sesion3.CalculadoraTest" time="0.001"/>
  <testcase name="Test Multiplica582" classname="org.bedu.java.backend.sesion3.CalculadoraTest" time="0.0"/>
  <testcase name="Test Multiplica583" classname="org.bedu.java.backend.sesion3.CalculadoraTest" time="0.0"/>
  <testcase name="Test Multiplica584" classname="org.bedu.java.backend.sesion3.CalculadoraTest" time="0.0"/>
  <testcase name="Test Multiplica585" classname="org.bedu.java.backend.sesion3.CalculadoraTest" time="0.0"/>
  <testcase name="Test Multiplica586" classname="org.bedu.java.backend.sesion3.CalculadoraTest" time="0.0"/>
  <testcase name="Test Multiplica587" classname="org.bedu.java.backend.sesion3.CalculadoraTest" time="0.002"/>
  <testcase name="Test Multiplica588" classname="org.bedu.java.backend.sesion3.CalculadoraTest" time="0.0"/>
  <testcase name="Test Multiplica589" classname="org.bedu.java.backend.sesion3.CalculadoraTest" time="0.0"/>
  <testcase name="Test Multiplica590" classname="org.bedu.java.backend.sesion3.CalculadoraTest" time="0.001"/>
  <testcase name="Test Multiplica591" classname="org.bedu.java.backend.sesion3.CalculadoraTest" time="0.0"/>
  <testcase name="Test Multiplica592" classname="org.bedu.java.backend.sesion3.CalculadoraTest" time="0.0"/>
  <testcase name="Test Multiplica593" classname="org.bedu.java.backend.sesion3.CalculadoraTest" time="0.0"/>
  <testcase name="Test Multiplica594" classname="org.bedu.java.backend.sesion3.CalculadoraTest" time="0.0"/>
  <testcase name="Test Multiplica595" classname="org.bedu.java.backend.sesion3.CalculadoraTest" time="0.001"/>
  <testcase name="Test Multiplica596" classname="org.bedu.java.backend.sesion3.CalculadoraTest" time="0.0"/>
  <testcase name="Test Multiplica597" classname="org.bedu.java.backend.sesion3.CalculadoraTest" time="0.0"/>
  <testcase name="Test Multiplica598" classname="org.bedu.java.backend.sesion3.CalculadoraTest" time="0.001"/>
  <testcase name="Test Multiplica599" classname="org.bedu.java.backend.sesion3.CalculadoraTest" time="0.0"/>
  <testcase name="Test Multiplica600" classname="org.bedu.java.backend.sesion3.CalculadoraTest" time="0.001"/>
  <testcase name="Test Multiplica601" classname="org.bedu.java.backend.sesion3.CalculadoraTest" time="0.0"/>
  <testcase name="Test Multiplica602" classname="org.bedu.java.backend.sesion3.CalculadoraTest" time="0.0"/>
  <testcase name="Test Multiplica603" classname="org.bedu.java.backend.sesion3.CalculadoraTest" time="0.001"/>
  <testcase name="Test Multiplica604" classname="org.bedu.java.backend.sesion3.CalculadoraTest" time="0.0"/>
  <testcase name="Test Multiplica605" classname="org.bedu.java.backend.sesion3.CalculadoraTest" time="0.001"/>
  <testcase name="Test Multiplica606" classname="org.bedu.java.backend.sesion3.CalculadoraTest" time="0.0"/>
  <testcase name="Test Multiplica607" classname="org.bedu.java.backend.sesion3.CalculadoraTest" time="0.0"/>
  <testcase name="Test Multiplica608" classname="org.bedu.java.backend.sesion3.CalculadoraTest" time="0.0"/>
  <testcase name="Test Multiplica609" classname="org.bedu.java.backend.sesion3.CalculadoraTest" time="0.0"/>
  <testcase name="Test Multiplica610" classname="org.bedu.java.backend.sesion3.CalculadoraTest" time="0.0"/>
  <testcase name="Test Multiplica611" classname="org.bedu.java.backend.sesion3.CalculadoraTest" time="0.0"/>
  <testcase name="Test Multiplica612" classname="org.bedu.java.backend.sesion3.CalculadoraTest" time="0.001"/>
  <testcase name="Test Multiplica613" classname="org.bedu.java.backend.sesion3.CalculadoraTest" time="0.0"/>
  <testcase name="Test Multiplica614" classname="org.bedu.java.backend.sesion3.CalculadoraTest" time="0.0"/>
  <testcase name="Test Multiplica615" classname="org.bedu.java.backend.sesion3.CalculadoraTest" time="0.0"/>
  <testcase name="Test Multiplica616" classname="org.bedu.java.backend.sesion3.CalculadoraTest" time="0.001"/>
  <testcase name="Test Multiplica617" classname="org.bedu.java.backend.sesion3.CalculadoraTest" time="0.0"/>
  <testcase name="Test Multiplica618" classname="org.bedu.java.backend.sesion3.CalculadoraTest" time="0.0"/>
  <testcase name="Test Multiplica619" classname="org.bedu.java.backend.sesion3.CalculadoraTest" time="0.0"/>
  <testcase name="Test Multiplica620" classname="org.bedu.java.backend.sesion3.CalculadoraTest" time="0.0"/>
  <testcase name="Test Multiplica621" classname="org.bedu.java.backend.sesion3.CalculadoraTest" time="0.0"/>
  <testcase name="Test Multiplica622" classname="org.bedu.java.backend.sesion3.CalculadoraTest" time="0.001"/>
  <testcase name="Test Multiplica623" classname="org.bedu.java.backend.sesion3.CalculadoraTest" time="0.0"/>
  <testcase name="Test Multiplica624" classname="org.bedu.java.backend.sesion3.CalculadoraTest" time="0.0"/>
  <testcase name="Test Multiplica625" classname="org.bedu.java.backend.sesion3.CalculadoraTest" time="0.001"/>
  <testcase name="Test Multiplica626" classname="org.bedu.java.backend.sesion3.CalculadoraTest" time="0.0"/>
  <testcase name="Test Multiplica627" classname="org.bedu.java.backend.sesion3.CalculadoraTest" time="0.0"/>
  <testcase name="Test Multiplica628" classname="org.bedu.java.backend.sesion3.CalculadoraTest" time="0.0"/>
  <testcase name="Test Multiplica629" classname="org.bedu.java.backend.sesion3.CalculadoraTest" time="0.001"/>
  <testcase name="Test Multiplica630" classname="org.bedu.java.backend.sesion3.CalculadoraTest" time="0.001"/>
  <testcase name="Test Multiplica631" classname="org.bedu.java.backend.sesion3.CalculadoraTest" time="0.001"/>
  <testcase name="Test Multiplica632" classname="org.bedu.java.backend.sesion3.CalculadoraTest" time="0.0"/>
  <testcase name="Test Multiplica633" classname="org.bedu.java.backend.sesion3.CalculadoraTest" time="0.0"/>
  <testcase name="Test Multiplica634" classname="org.bedu.java.backend.sesion3.CalculadoraTest" time="0.0"/>
  <testcase name="Test Multiplica635" classname="org.bedu.java.backend.sesion3.CalculadoraTest" time="0.001"/>
  <testcase name="Test Multiplica636" classname="org.bedu.java.backend.sesion3.CalculadoraTest" time="0.001"/>
  <testcase name="Test Multiplica637" classname="org.bedu.java.backend.sesion3.CalculadoraTest" time="0.0"/>
  <testcase name="Test Multiplica638" classname="org.bedu.java.backend.sesion3.CalculadoraTest" time="0.0"/>
  <testcase name="Test Multiplica639" classname="org.bedu.java.backend.sesion3.CalculadoraTest" time="0.0"/>
  <testcase name="Test Multiplica640" classname="org.bedu.java.backend.sesion3.CalculadoraTest" time="0.001"/>
  <testcase name="Test Multiplica641" classname="org.bedu.java.backend.sesion3.CalculadoraTest" time="0.0"/>
  <testcase name="Test Multiplica642" classname="org.bedu.java.backend.sesion3.CalculadoraTest" time="0.0"/>
  <testcase name="Test Multiplica643" classname="org.bedu.java.backend.sesion3.CalculadoraTest" time="0.001"/>
  <testcase name="Test Multiplica644" classname="org.bedu.java.backend.sesion3.CalculadoraTest" time="0.001"/>
  <testcase name="Test Multiplica645" classname="org.bedu.java.backend.sesion3.CalculadoraTest" time="0.0"/>
  <testcase name="Test Multiplica646" classname="org.bedu.java.backend.sesion3.CalculadoraTest" time="0.0"/>
  <testcase name="Test Multiplica647" classname="org.bedu.java.backend.sesion3.CalculadoraTest" time="0.0"/>
  <testcase name="Test Multiplica648" classname="org.bedu.java.backend.sesion3.CalculadoraTest" time="0.0"/>
  <testcase name="Test Multiplica649" classname="org.bedu.java.backend.sesion3.CalculadoraTest" time="0.0"/>
  <testcase name="Test Multiplica650" classname="org.bedu.java.backend.sesion3.CalculadoraTest" time="0.0"/>
  <testcase name="Test Multiplica651" classname="org.bedu.java.backend.sesion3.CalculadoraTest" time="0.001"/>
  <testcase name="Test Multiplica652" classname="org.bedu.java.backend.sesion3.CalculadoraTest" time="0.001"/>
  <testcase name="Test Multiplica653" classname="org.bedu.java.backend.sesion3.CalculadoraTest" time="0.0"/>
  <testcase name="Test Multiplica654" classname="org.bedu.java.backend.sesion3.CalculadoraTest" time="0.0"/>
  <testcase name="Test Multiplica655" classname="org.bedu.java.backend.sesion3.CalculadoraTest" time="0.0"/>
  <testcase name="Test Multiplica656" classname="org.bedu.java.backend.sesion3.CalculadoraTest" time="0.0"/>
  <testcase name="Test Multiplica657" classname="org.bedu.java.backend.sesion3.CalculadoraTest" time="0.0"/>
  <testcase name="Test Multiplica658" classname="org.bedu.java.backend.sesion3.CalculadoraTest" time="0.0"/>
  <testcase name="Test Multiplica659" classname="org.bedu.java.backend.sesion3.CalculadoraTest" time="0.0"/>
  <testcase name="Test Multiplica660" classname="org.bedu.java.backend.sesion3.CalculadoraTest" time="0.0"/>
  <testcase name="Test Multiplica661" classname="org.bedu.java.backend.sesion3.CalculadoraTest" time="0.0"/>
  <testcase name="Test Multiplica662" classname="org.bedu.java.backend.sesion3.CalculadoraTest" time="0.0"/>
  <testcase name="Test Multiplica663" classname="org.bedu.java.backend.sesion3.CalculadoraTest" time="0.001"/>
  <testcase name="Test Multiplica664" classname="org.bedu.java.backend.sesion3.CalculadoraTest" time="0.0"/>
  <testcase name="Test Multiplica665" classname="org.bedu.java.backend.sesion3.CalculadoraTest" time="0.0"/>
  <testcase name="Test Multiplica666" classname="org.bedu.java.backend.sesion3.CalculadoraTest" time="0.0"/>
  <testcase name="Test Multiplica667" classname="org.bedu.java.backend.sesion3.CalculadoraTest" time="0.0"/>
  <testcase name="Test Multiplica668" classname="org.bedu.java.backend.sesion3.CalculadoraTest" time="0.001"/>
  <testcase name="Test Multiplica669" classname="org.bedu.java.backend.sesion3.CalculadoraTest" time="0.001"/>
  <testcase name="Test Multiplica670" classname="org.bedu.java.backend.sesion3.CalculadoraTest" time="0.0"/>
  <testcase name="Test Multiplica671" classname="org.bedu.java.backend.sesion3.CalculadoraTest" time="0.001"/>
  <testcase name="Test Multiplica672" classname="org.bedu.java.backend.sesion3.CalculadoraTest" time="0.001"/>
  <testcase name="Test Multiplica673" classname="org.bedu.java.backend.sesion3.CalculadoraTest" time="0.0"/>
  <testcase name="Test Multiplica674" classname="org.bedu.java.backend.sesion3.CalculadoraTest" time="0.0"/>
  <testcase name="Test Multiplica675" classname="org.bedu.java.backend.sesion3.CalculadoraTest" time="0.001"/>
  <testcase name="Test Multiplica676" classname="org.bedu.java.backend.sesion3.CalculadoraTest" time="0.0"/>
  <testcase name="Test Multiplica677" classname="org.bedu.java.backend.sesion3.CalculadoraTest" time="0.0"/>
  <testcase name="Test Multiplica678" classname="org.bedu.java.backend.sesion3.CalculadoraTest" time="0.001"/>
  <testcase name="Test Multiplica679" classname="org.bedu.java.backend.sesion3.CalculadoraTest" time="0.003"/>
  <testcase name="Test Multiplica680" classname="org.bedu.java.backend.sesion3.CalculadoraTest" time="0.002"/>
  <testcase name="Test Multiplica681" classname="org.bedu.java.backend.sesion3.CalculadoraTest" time="0.0"/>
  <testcase name="Test Multiplica682" classname="org.bedu.java.backend.sesion3.CalculadoraTest" time="0.003"/>
  <testcase name="Test Multiplica683" classname="org.bedu.java.backend.sesion3.CalculadoraTest" time="0.04"/>
  <testcase name="Test Multiplica684" classname="org.bedu.java.backend.sesion3.CalculadoraTest" time="0.001"/>
  <testcase name="Test Multiplica685" classname="org.bedu.java.backend.sesion3.CalculadoraTest" time="0.0"/>
  <testcase name="Test Multiplica686" classname="org.bedu.java.backend.sesion3.CalculadoraTest" time="0.001"/>
  <testcase name="Test Multiplica687" classname="org.bedu.java.backend.sesion3.CalculadoraTest" time="0.0"/>
  <testcase name="Test Multiplica688" classname="org.bedu.java.backend.sesion3.CalculadoraTest" time="0.0"/>
  <testcase name="Test Multiplica689" classname="org.bedu.java.backend.sesion3.CalculadoraTest" time="0.001"/>
  <testcase name="Test Multiplica690" classname="org.bedu.java.backend.sesion3.CalculadoraTest" time="0.0"/>
  <testcase name="Test Multiplica691" classname="org.bedu.java.backend.sesion3.CalculadoraTest" time="0.001"/>
  <testcase name="Test Multiplica692" classname="org.bedu.java.backend.sesion3.CalculadoraTest" time="0.0"/>
  <testcase name="Test Multiplica693" classname="org.bedu.java.backend.sesion3.CalculadoraTest" time="0.0"/>
  <testcase name="Test Multiplica694" classname="org.bedu.java.backend.sesion3.CalculadoraTest" time="0.0"/>
  <testcase name="Test Multiplica695" classname="org.bedu.java.backend.sesion3.CalculadoraTest" time="0.0"/>
  <testcase name="Test Multiplica696" classname="org.bedu.java.backend.sesion3.CalculadoraTest" time="0.0"/>
  <testcase name="Test Multiplica697" classname="org.bedu.java.backend.sesion3.CalculadoraTest" time="0.0"/>
  <testcase name="Test Multiplica698" classname="org.bedu.java.backend.sesion3.CalculadoraTest" time="0.0"/>
  <testcase name="Test Multiplica699" classname="org.bedu.java.backend.sesion3.CalculadoraTest" time="0.0"/>
  <testcase name="Test Multiplica700" classname="org.bedu.java.backend.sesion3.CalculadoraTest" time="0.0"/>
  <testcase name="Test Multiplica701" classname="org.bedu.java.backend.sesion3.CalculadoraTest" time="0.0"/>
  <testcase name="Test Multiplica702" classname="org.bedu.java.backend.sesion3.CalculadoraTest" time="0.0"/>
  <testcase name="Test Multiplica703" classname="org.bedu.java.backend.sesion3.CalculadoraTest" time="0.0"/>
  <testcase name="Test Multiplica704" classname="org.bedu.java.backend.sesion3.CalculadoraTest" time="0.001"/>
  <testcase name="Test Multiplica705" classname="org.bedu.java.backend.sesion3.CalculadoraTest" time="0.0"/>
  <testcase name="Test Multiplica706" classname="org.bedu.java.backend.sesion3.CalculadoraTest" time="0.001"/>
  <testcase name="Test Multiplica707" classname="org.bedu.java.backend.sesion3.CalculadoraTest" time="0.001"/>
  <testcase name="Test Multiplica708" classname="org.bedu.java.backend.sesion3.CalculadoraTest" time="0.001"/>
  <testcase name="Test Multiplica709" classname="org.bedu.java.backend.sesion3.CalculadoraTest" time="0.0"/>
  <testcase name="Test Multiplica710" classname="org.bedu.java.backend.sesion3.CalculadoraTest" time="0.001"/>
  <testcase name="Test Multiplica711" classname="org.bedu.java.backend.sesion3.CalculadoraTest" time="0.0"/>
  <testcase name="Test Multiplica712" classname="org.bedu.java.backend.sesion3.CalculadoraTest" time="0.0"/>
  <testcase name="Test Multiplica713" classname="org.bedu.java.backend.sesion3.CalculadoraTest" time="0.0"/>
  <testcase name="Test Multiplica714" classname="org.bedu.java.backend.sesion3.CalculadoraTest" time="0.001"/>
  <testcase name="Test Multiplica715" classname="org.bedu.java.backend.sesion3.CalculadoraTest" time="0.0"/>
  <testcase name="Test Multiplica716" classname="org.bedu.java.backend.sesion3.CalculadoraTest" time="0.0"/>
  <testcase name="Test Multiplica717" classname="org.bedu.java.backend.sesion3.CalculadoraTest" time="0.0"/>
  <testcase name="Test Multiplica718" classname="org.bedu.java.backend.sesion3.CalculadoraTest" time="0.0"/>
  <testcase name="Test Multiplica719" classname="org.bedu.java.backend.sesion3.CalculadoraTest" time="0.0"/>
  <testcase name="Test Multiplica720" classname="org.bedu.java.backend.sesion3.CalculadoraTest" time="0.0"/>
  <testcase name="Test Multiplica721" classname="org.bedu.java.backend.sesion3.CalculadoraTest" time="0.0"/>
[...]
  <testcase name="Test Multiplica820" classname="org.bedu.java.backend.sesion3.CalculadoraTest" time="0.001"/>
  <testcase name="Test Multiplica821" classname="org.bedu.java.backend.sesion3.CalculadoraTest" time="0.0"/>
  <testcase name="Test Multiplica822" classname="org.bedu.java.backend.sesion3.CalculadoraTest" time="0.001"/>
  <testcase name="Test Multiplica823" classname="org.bedu.java.backend.sesion3.CalculadoraTest" time="0.0"/>
  <testcase name="Test Multiplica824" classname="org.bedu.java.backend.sesion3.CalculadoraTest" time="0.0"/>
  <testcase name="Test Multiplica825" classname="org.bedu.java.backend.sesion3.CalculadoraTest" time="0.0"/>
  <testcase name="Test Multiplica826" classname="org.bedu.java.backend.sesion3.CalculadoraTest" time="0.0"/>
  <testcase name="Test Multiplica827" classname="org.bedu.java.backend.sesion3.CalculadoraTest" time="0.0"/>
  <testcase name="Test Multiplica828" classname="org.bedu.java.backend.sesion3.CalculadoraTest" time="0.001"/>
  <testcase name="Test Multiplica829" classname="org.bedu.java.backend.sesion3.CalculadoraTest" time="0.0"/>
  <testcase name="Test Multiplica830" classname="org.bedu.java.backend.sesion3.CalculadoraTest" time="0.0"/>
  <testcase name="Test Multiplica831" classname="org.bedu.java.backend.sesion3.CalculadoraTest" time="0.0"/>
  <testcase name="Test Multiplica832" classname="org.bedu.java.backend.sesion3.CalculadoraTest" time="0.001"/>
  <testcase name="Test Multiplica833" classname="org.bedu.java.backend.sesion3.CalculadoraTest" time="0.0"/>
  <testcase name="Test Multiplica834" classname="org.bedu.java.backend.sesion3.CalculadoraTest" time="0.001"/>
  <testcase name="Test Multiplica835" classname="org.bedu.java.backend.sesion3.CalculadoraTest" time="0.0"/>
  <testcase name="Test Multiplica836" classname="org.bedu.java.backend.sesion3.CalculadoraTest" time="0.0"/>
  <testcase name="Test Multiplica837" classname="org.bedu.java.backend.sesion3.CalculadoraTest" time="0.0"/>
  <testcase name="Test Multiplica838" classname="org.bedu.java.backend.sesion3.CalculadoraTest" time="0.001"/>
  <testcase name="Test Multiplica839" classname="org.bedu.java.backend.sesion3.CalculadoraTest" time="0.0"/>
  <testcase name="Test Multiplica840" classname="org.bedu.java.backend.sesion3.CalculadoraTest" time="0.0"/>
  <testcase name="Test Multiplica841" classname="org.bedu.java.backend.sesion3.CalculadoraTest" time="0.0"/>
  <testcase name="Test Multiplica842" classname="org.bedu.java.backend.sesion3.CalculadoraTest" time="0.0"/>
  <testcase name="Test Multiplica843" classname="org.bedu.java.backend.sesion3.CalculadoraTest" time="0.001"/>
  <testcase name="Test Multiplica844" classname="org.bedu.java.backend.sesion3.CalculadoraTest" time="0.0"/>
  <testcase name="Test Multiplica845" classname="org.bedu.java.backend.sesion3.CalculadoraTest" time="0.0"/>
  <testcase name="Test Multiplica846" classname="org.bedu.java.backend.sesion3.CalculadoraTest" time="0.0"/>
  <testcase name="Test Multiplica847" classname="org.bedu.java.backend.sesion3.CalculadoraTest" time="0.0"/>
  <testcase name="Test Multiplica848" classname="org.bedu.java.backend.sesion3.CalculadoraTest" time="0.001"/>
  <testcase name="Test Multiplica849" classname="org.bedu.java.backend.sesion3.CalculadoraTest" time="0.001"/>
  <testcase name="Test Multiplica850" classname="org.bedu.java.backend.sesion3.CalculadoraTest" time="0.001"/>
  <testcase name="Test Multiplica851" classname="org.bedu.java.backend.sesion3.CalculadoraTest" time="0.001"/>
  <testcase name="Test Multiplica852" classname="org.bedu.java.backend.sesion3.CalculadoraTest" time="0.001"/>
  <testcase name="Test Multiplica853" classname="org.bedu.java.backend.sesion3.CalculadoraTest" time="0.001"/>
  <testcase name="Test Multiplica854" classname="org.bedu.java.backend.sesion3.CalculadoraTest" time="0.001"/>
  <testcase name="Test Multiplica855" classname="org.bedu.java.backend.sesion3.CalculadoraTest" time="0.0"/>
  <testcase name="Test Multiplica856" classname="org.bedu.java.backend.sesion3.CalculadoraTest" time="0.0"/>
  <testcase name="Test Multiplica857" classname="org.bedu.java.backend.sesion3.CalculadoraTest" time="0.0"/>
  <testcase name="Test Multiplica858" classname="org.bedu.java.backend.sesion3.CalculadoraTest" time="0.001"/>
  <testcase name="Test Multiplica859" classname="org.bedu.java.backend.sesion3.CalculadoraTest" time="0.001"/>
  <testcase name="Test Multiplica860" classname="org.bedu.java.backend.sesion3.CalculadoraTest" time="0.001"/>
  <testcase name="Test Multiplica861" classname="org.bedu.java.backend.sesion3.CalculadoraTest" time="0.001"/>
  <testcase name="Test Multiplica862" classname="org.bedu.java.backend.sesion3.CalculadoraTest" time="0.001"/>
  <testcase name="Test Multiplica863" classname="org.bedu.java.backend.sesion3.CalculadoraTest" time="0.001"/>
  <testcase name="Test Multiplica864" classname="org.bedu.java.backend.sesion3.CalculadoraTest" time="0.001"/>
  <testcase name="Test Multiplica865" classname="org.bedu.java.backend.sesion3.CalculadoraTest" time="0.0"/>
  <testcase name="Test Multiplica866" classname="org.bedu.java.backend.sesion3.CalculadoraTest" time="0.0"/>
  <testcase name="Test Multiplica867" classname="org.bedu.java.backend.sesion3.CalculadoraTest" time="0.0"/>
  <testcase name="Test Multiplica868" classname="org.bedu.java.backend.sesion3.CalculadoraTest" time="0.001"/>
  <testcase name="Test Multiplica869" classname="org.bedu.java.backend.sesion3.CalculadoraTest" time="0.0"/>
  <testcase name="Test Multiplica870" classname="org.bedu.java.backend.sesion3.CalculadoraTest" time="0.001"/>
  <testcase name="Test Multiplica871" classname="org.bedu.java.backend.sesion3.CalculadoraTest" time="0.0"/>
  <testcase name="Test Multiplica872" classname="org.bedu.java.backend.sesion3.CalculadoraTest" time="0.0"/>
  <testcase name="Test Multiplica873" classname="org.bedu.java.backend.sesion3.CalculadoraTest" time="0.0"/>
  <testcase name="Test Multiplica874" classname="org.bedu.java.backend.sesion3.CalculadoraTest" time="0.0"/>
  <testcase name="Test Multiplica875" classname="org.bedu.java.backend.sesion3.CalculadoraTest" time="0.0"/>
  <testcase name="Test Multiplica876" classname="org.bedu.java.backend.sesion3.CalculadoraTest" time="0.001"/>
  <testcase name="Test Multiplica877" classname="org.bedu.java.backend.sesion3.CalculadoraTest" time="0.0"/>
  <testcase name="Test Multiplica878" classname="org.bedu.java.backend.sesion3.CalculadoraTest" time="0.0"/>
  <testcase name="Test Multiplica879" classname="org.bedu.java.backend.sesion3.CalculadoraTest" time="0.0"/>
  <testcase name="Test Multiplica880" classname="org.bedu.java.backend.sesion3.CalculadoraTest" time="0.0"/>
  <testcase name="Test Multiplica881" classname="org.bedu.java.backend.sesion3.CalculadoraTest" time="0.0"/>
  <testcase name="Test Multiplica882" classname="org.bedu.java.backend.sesion3.CalculadoraTest" time="0.0"/>
  <testcase name="Test Multiplica883" classname="org.bedu.java.backend.sesion3.CalculadoraTest" time="0.0"/>
  <testcase name="Test Multiplica884" classname="org.bedu.java.backend.sesion3.CalculadoraTest" time="0.0"/>
  <testcase name="Test Multiplica885" classname="org.bedu.java.backend.sesion3.CalculadoraTest" time="0.001"/>
  <testcase name="Test Multiplica886" classname="org.bedu.java.backend.sesion3.CalculadoraTest" time="0.0"/>
  <testcase name="Test Multiplica887" classname="org.bedu.java.backend.sesion3.CalculadoraTest" time="0.0"/>
  <testcase name="Test Multiplica888" classname="org.bedu.java.backend.sesion3.CalculadoraTest" time="0.0"/>
  <testcase name="Test Multiplica889" classname="org.bedu.java.backend.sesion3.CalculadoraTest" time="0.0"/>
  <testcase name="Test Multiplica890" classname="org.bedu.java.backend.sesion3.CalculadoraTest" time="0.001"/>
  <testcase name="Test Multiplica891" classname="org.bedu.java.backend.sesion3.CalculadoraTest" time="0.0"/>
  <testcase name="Test Multiplica892" classname="org.bedu.java.backend.sesion3.CalculadoraTest" time="0.001"/>
  <testcase name="Test Multiplica893" classname="org.bedu.java.backend.sesion3.CalculadoraTest" time="0.0"/>
  <testcase name="Test Multiplica894" classname="org.bedu.java.backend.sesion3.CalculadoraTest" time="0.001"/>
  <testcase name="Test Multiplica895" classname="org.bedu.java.backend.sesion3.CalculadoraTest" time="0.001"/>
  <testcase name="Test Multiplica896" classname="org.bedu.java.backend.sesion3.CalculadoraTest" time="0.0"/>
  <testcase name="Test Multiplica897" classname="org.bedu.java.backend.sesion3.CalculadoraTest" time="0.0"/>
  <testcase name="Test Multiplica898" classname="org.bedu.java.backend.sesion3.CalculadoraTest" time="0.0"/>
  <testcase name="Test Multiplica899" classname="org.bedu.java.backend.sesion3.CalculadoraTest" time="0.0"/>
  <testcase name="Test Multiplica900" classname="org.bedu.java.backend.sesion3.CalculadoraTest" time="0.001"/>
  <testcase name="Test Multiplica901" classname="org.bedu.java.backend.sesion3.CalculadoraTest" time="0.0"/>
  <testcase name="Test Multiplica902" classname="org.bedu.java.backend.sesion3.CalculadoraTest" time="0.001"/>
  <testcase name="Test Multiplica903" classname="org.bedu.java.backend.sesion3.CalculadoraTest" time="0.0"/>
  <testcase name="Test Multiplica904" classname="org.bedu.java.backend.sesion3.CalculadoraTest" time="0.0"/>
  <testcase name="Test Multiplica905" classname="org.bedu.java.backend.sesion3.CalculadoraTest" time="0.001"/>
  <testcase name="Test Multiplica906" classname="org.bedu.java.backend.sesion3.CalculadoraTest" time="0.0"/>
  <testcase name="Test Multiplica907" classname="org.bedu.java.backend.sesion3.CalculadoraTest" time="0.0"/>
  <testcase name="Test Multiplica908" classname="org.bedu.java.backend.sesion3.CalculadoraTest" time="0.0"/>
  <testcase name="Test Multiplica909" classname="org.bedu.java.backend.sesion3.CalculadoraTest" time="0.0"/>
  <testcase name="Test Multiplica910" classname="org.bedu.java.backend.sesion3.CalculadoraTest" time="0.001"/>
  <testcase name="Test Multiplica911" classname="org.bedu.java.backend.sesion3.CalculadoraTest" time="0.0"/>
  <testcase name="Test Multiplica912" classname="org.bedu.java.backend.sesion3.CalculadoraTest" time="0.0"/>
  <testcase name="Test Multiplica913" classname="org.bedu.java.backend.sesion3.CalculadoraTest" time="0.0"/>
  <testcase name="Test Multiplica914" classname="org.bedu.java.backend.sesion3.CalculadoraTest" time="0.001"/>
  <testcase name="Test Multiplica915" classname="org.bedu.java.backend.sesion3.CalculadoraTest" time="0.0"/>
  <testcase name="Test Multiplica916" classname="org.bedu.java.backend.sesion3.CalculadoraTest" time="0.0"/>
  <testcase name="Test Multiplica917" classname="org.bedu.java.backend.sesion3.CalculadoraTest" time="0.001"/>
  <testcase name="Test Multiplica918" classname="org.bedu.java.backend.sesion3.CalculadoraTest" time="0.0"/>
  <testcase name="Test Multiplica919" classname="org.bedu.java.backend.sesion3.CalculadoraTest" time="0.0"/>
  <testcase name="Test Multiplica920" classname="org.bedu.java.backend.sesion3.CalculadoraTest" time="0.001"/>
  <testcase name="Test Multiplica921" classname="org.bedu.java.backend.sesion3.CalculadoraTest" time="0.0"/>
  <testcase name="Test Multiplica922" classname="org.bedu.java.backend.sesion3.CalculadoraTest" time="0.0"/>
  <testcase name="Test Multiplica923" classname="org.bedu.java.backend.sesion3.CalculadoraTest" time="0.0"/>
  <testcase name="Test Multiplica924" classname="org.bedu.java.backend.sesion3.CalculadoraTest" time="0.0"/>
  <testcase name="Test Multiplica925" classname="org.bedu.java.backend.sesion3.CalculadoraTest" time="0.001"/>
  <testcase name="Test Multiplica926" classname="org.bedu.java.backend.sesion3.CalculadoraTest" time="0.001"/>
  <testcase name="Test Multiplica927" classname="org.bedu.java.backend.sesion3.CalculadoraTest" time="0.0"/>
  <testcase name="Test Multiplica928" classname="org.bedu.java.backend.sesion3.CalculadoraTest" time="0.001"/>
  <testcase name="Test Multiplica929" classname="org.bedu.java.backend.sesion3.CalculadoraTest" time="0.0"/>
  <testcase name="Test Multiplica930" classname="org.bedu.java.backend.sesion3.CalculadoraTest" time="0.0"/>
  <testcase name="Test Multiplica931" classname="org.bedu.java.backend.sesion3.CalculadoraTest" time="0.0"/>
  <testcase name="Test Multiplica932" classname="org.bedu.java.backend.sesion3.CalculadoraTest" time="0.0"/>
  <testcase name="Test Multiplica933" classname="org.bedu.java.backend.sesion3.CalculadoraTest" time="0.0"/>
  <testcase name="Test Multiplica934" classname="org.bedu.java.backend.sesion3.CalculadoraTest" time="0.001"/>
  <testcase name="Test Multiplica935" classname="org.bedu.java.backend.sesion3.CalculadoraTest" time="0.0"/>
  <testcase name="Test Multiplica936" classname="org.bedu.java.backend.sesion3.CalculadoraTest" time="0.0"/>
  <testcase name="Test Multiplica937" classname="org.bedu.java.backend.sesion3.CalculadoraTest" time="0.001"/>
  <testcase name="Test Multiplica938" classname="org.bedu.java.backend.sesion3.CalculadoraTest" time="0.0"/>
  <testcase name="Test Multiplica939" classname="org.bedu.java.backend.sesion3.CalculadoraTest" time="0.0"/>
  <testcase name="Test Multiplica940" classname="org.bedu.java.backend.sesion3.CalculadoraTest" time="0.0"/>
  <testcase name="Test Multiplica941" classname="org.bedu.java.backend.sesion3.CalculadoraTest" time="0.0"/>
  <testcase name="Test Multiplica942" classname="org.bedu.java.backend.sesion3.CalculadoraTest" time="0.0"/>
  <testcase name="Test Multiplica943" classname="org.bedu.java.backend.sesion3.CalculadoraTest" time="0.0"/>
  <testcase name="Test Multiplica944" classname="org.bedu.java.backend.sesion3.CalculadoraTest" time="0.0"/>
  <testcase name="Test Multiplica945" classname="org.bedu.java.backend.sesion3.CalculadoraTest" time="0.0"/>
  <testcase name="Test Multiplica946" classname="org.bedu.java.backend.sesion3.CalculadoraTest" time="0.0"/>
  <testcase name="Test Multiplica947" classname="org.bedu.java.backend.sesion3.CalculadoraTest" time="0.0"/>
  <testcase name="Test Multiplica948" classname="org.bedu.java.backend.sesion3.CalculadoraTest" time="0.0"/>
  <testcase name="Test Multiplica949" classname="org.bedu.java.backend.sesion3.CalculadoraTest" time="0.0"/>
  <testcase name="Test Multiplica950" classname="org.bedu.java.backend.sesion3.CalculadoraTest" time="0.0"/>
  <testcase name="Test Multiplica951" classname="org.bedu.java.backend.sesion3.CalculadoraTest" time="0.0"/>
  <testcase name="Test Multiplica952" classname="org.bedu.java.backend.sesion3.CalculadoraTest" time="0.001"/>
  <testcase name="Test Multiplica953" classname="org.bedu.java.backend.sesion3.CalculadoraTest" time="0.0"/>
  <testcase name="Test Multiplica954" classname="org.bedu.java.backend.sesion3.CalculadoraTest" time="0.0"/>
  <testcase name="Test Multiplica955" classname="org.bedu.java.backend.sesion3.CalculadoraTest" time="0.0"/>
  <testcase name="Test Multiplica956" classname="org.bedu.java.backend.sesion3.CalculadoraTest" time="0.001"/>
  <testcase name="Test Multiplica957" classname="org.bedu.java.backend.sesion3.CalculadoraTest" time="0.0"/>
  <testcase name="Test Multiplica958" classname="org.bedu.java.backend.sesion3.CalculadoraTest" time="0.0"/>
  <testcase name="Test Multiplica959" classname="org.bedu.java.backend.sesion3.CalculadoraTest" time="0.0"/>
  <testcase name="Test Multiplica960" classname="org.bedu.java.backend.sesion3.CalculadoraTest" time="0.0"/>
  <testcase name="Test Multiplica961" classname="org.bedu.java.backend.sesion3.CalculadoraTest" time="0.0"/>
  <testcase name="Test Multiplica962" classname="org.bedu.java.backend.sesion3.CalculadoraTest" time="0.0"/>
  <testcase name="Test Multiplica963" classname="org.bedu.java.backend.sesion3.CalculadoraTest" time="0.0"/>
  <testcase name="Test Multiplica964" classname="org.bedu.java.backend.sesion3.CalculadoraTest" time="0.0"/>
  <testcase name="Test Multiplica965" classname="org.bedu.java.backend.sesion3.CalculadoraTest" time="0.0"/>
  <testcase name="Test Multiplica966" classname="org.bedu.java.backend.sesion3.CalculadoraTest" time="0.0"/>
  <testcase name="Test Multiplica967" classname="org.bedu.java.backend.sesion3.CalculadoraTest" time="0.0"/>
  <testcase name="Test Multiplica968" classname="org.bedu.java.backend.sesion3.CalculadoraTest" time="0.0"/>
  <testcase name="Test Multiplica969" classname="org.bedu.java.backend.sesion3.CalculadoraTest" time="0.0"/>
  <testcase name="Test Multiplica970" classname="org.bedu.java.backend.sesion3.CalculadoraTest" time="0.0"/>
  <testcase name="Test Multiplica971" classname="org.bedu.java.backend.sesion3.CalculadoraTest" time="0.001"/>
  <testcase name="Test Multiplica972" classname="org.bedu.java.backend.sesion3.CalculadoraTest" time="0.0"/>
  <testcase name="Test Multiplica973" classname="org.bedu.java.backend.sesion3.CalculadoraTest" time="0.0"/>
  <testcase name="Test Multiplica974" classname="org.bedu.java.backend.sesion3.CalculadoraTest" time="0.0"/>
  <testcase name="Test Multiplica975" classname="org.bedu.java.backend.sesion3.CalculadoraTest" time="0.0"/>
  <testcase name="Test Multiplica976" classname="org.bedu.java.backend.sesion3.CalculadoraTest" time="0.0"/>
  <testcase name="Test Multiplica977" classname="org.bedu.java.backend.sesion3.CalculadoraTest" time="0.0"/>
  <testcase name="Test Multiplica978" classname="org.bedu.java.backend.sesion3.CalculadoraTest" time="0.0"/>
  <testcase name="Test Multiplica979" classname="org.bedu.java.backend.sesion3.CalculadoraTest" time="0.0"/>
  <testcase name="Test Multiplica980" classname="org.bedu.java.backend.sesion3.CalculadoraTest" time="0.001"/>
  <testcase name="Test Multiplica981" classname="org.bedu.java.backend.sesion3.CalculadoraTest" time="0.0"/>
  <testcase name="Test Multiplica982" classname="org.bedu.java.backend.sesion3.CalculadoraTest" time="0.0"/>
  <testcase name="Test Multiplica983" classname="org.bedu.java.backend.sesion3.CalculadoraTest" time="0.0"/>
  <testcase name="Test Multiplica984" classname="org.bedu.java.backend.sesion3.CalculadoraTest" time="0.0"/>
  <testcase name="Test Multiplica985" classname="org.bedu.java.backend.sesion3.CalculadoraTest" time="0.0"/>
  <testcase name="Test Multiplica986" classname="org.bedu.java.backend.sesion3.CalculadoraTest" time="0.0"/>
  <testcase name="Test Multiplica987" classname="org.bedu.java.backend.sesion3.CalculadoraTest" time="0.0"/>
  <testcase name="Test Multiplica988" classname="org.bedu.java.backend.sesion3.CalculadoraTest" time="0.0"/>
  <testcase name="Test Multiplica989" classname="org.bedu.java.backend.sesion3.CalculadoraTest" time="0.0"/>
  <testcase name="Test Multiplica990" classname="org.bedu.java.backend.sesion3.CalculadoraTest" time="0.0"/>
  <testcase name="Test Multiplica991" classname="org.bedu.java.backend.sesion3.CalculadoraTest" time="0.001"/>
  <testcase name="Test Multiplica992" classname="org.bedu.java.backend.sesion3.CalculadoraTest" time="0.0"/>
  <testcase name="Test Multiplica993" classname="org.bedu.java.backend.sesion3.CalculadoraTest" time="0.0"/>
  <testcase name="Test Multiplica994" classname="org.bedu.java.backend.sesion3.CalculadoraTest" time="0.0"/>
  <testcase name="Test Multiplica995" classname="org.bedu.java.backend.sesion3.CalculadoraTest" time="0.0"/>
  <testcase name="Test Multiplica996" classname="org.bedu.java.backend.sesion3.CalculadoraTest" time="0.001"/>
  <testcase name="Test Multiplica997" classname="org.bedu.java.backend.sesion3.CalculadoraTest" time="0.0"/>
  <testcase name="Test Multiplica998" classname="org.bedu.java.backend.sesion3.CalculadoraTest" time="0.0"/>
  <testcase name="Test Multiplica999" classname="org.bedu.java.backend.sesion3.CalculadoraTest" time="0.0"/>
  <system-out><![CDATA[]]></system-out>
  <system-err><![CDATA[]]></system-err>
</testsuite>
